{"D:\\workboardtraining\\apps\\react-spa\\src\\api\\client.ts": {"path":"D:\\workboardtraining\\apps\\react-spa\\src\\api\\client.ts","statementMap":{"0":{"start":{"line":1,"column":21},"end":{"line":1,"column":null}},"1":{"start":{"line":12,"column":4},"end":{"line":12,"column":null}},"2":{"start":{"line":13,"column":4},"end":{"line":13,"column":null}},"3":{"start":{"line":14,"column":4},"end":{"line":14,"column":null}},"4":{"start":{"line":15,"column":4},"end":{"line":15,"column":null}},"5":{"start":{"line":19,"column":25},"end":{"line":126,"column":null}},"6":{"start":{"line":21,"column":21},"end":{"line":26,"column":null}},"7":{"start":{"line":28,"column":4},"end":{"line":35,"column":null}},"8":{"start":{"line":29,"column":24},"end":{"line":29,"column":null}},"9":{"start":{"line":29,"column":58},"end":{"line":29,"column":62}},"10":{"start":{"line":30,"column":6},"end":{"line":34,"column":null}},"11":{"start":{"line":37,"column":4},"end":{"line":37,"column":null}},"12":{"start":{"line":41,"column":21},"end":{"line":47,"column":null}},"13":{"start":{"line":49,"column":4},"end":{"line":56,"column":null}},"14":{"start":{"line":50,"column":24},"end":{"line":50,"column":null}},"15":{"start":{"line":50,"column":58},"end":{"line":50,"column":62}},"16":{"start":{"line":51,"column":6},"end":{"line":55,"column":null}},"17":{"start":{"line":58,"column":4},"end":{"line":58,"column":null}},"18":{"start":{"line":62,"column":21},"end":{"line":68,"column":null}},"19":{"start":{"line":70,"column":4},"end":{"line":77,"column":null}},"20":{"start":{"line":71,"column":24},"end":{"line":71,"column":null}},"21":{"start":{"line":71,"column":58},"end":{"line":71,"column":62}},"22":{"start":{"line":72,"column":6},"end":{"line":76,"column":null}},"23":{"start":{"line":79,"column":4},"end":{"line":79,"column":null}},"24":{"start":{"line":83,"column":21},"end":{"line":88,"column":null}},"25":{"start":{"line":90,"column":4},"end":{"line":97,"column":null}},"26":{"start":{"line":91,"column":24},"end":{"line":91,"column":null}},"27":{"start":{"line":91,"column":58},"end":{"line":91,"column":62}},"28":{"start":{"line":92,"column":6},"end":{"line":96,"column":null}},"29":{"start":{"line":99,"column":4},"end":{"line":99,"column":null}},"30":{"start":{"line":103,"column":21},"end":{"line":109,"column":null}},"31":{"start":{"line":111,"column":4},"end":{"line":118,"column":null}},"32":{"start":{"line":112,"column":24},"end":{"line":112,"column":null}},"33":{"start":{"line":112,"column":58},"end":{"line":112,"column":62}},"34":{"start":{"line":113,"column":6},"end":{"line":117,"column":null}},"35":{"start":{"line":120,"column":4},"end":{"line":120,"column":null}},"36":{"start":{"line":124,"column":4},"end":{"line":124,"column":null}}},"fnMap":{"0":{"name":"(anonymous_0)","decl":{"start":{"line":7,"column":2},"end":{"line":7,"column":null}},"loc":{"start":{"line":11,"column":4},"end":{"line":16,"column":null}},"line":11},"1":{"name":"(anonymous_1)","decl":{"start":{"line":20,"column":8},"end":{"line":20,"column":15}},"loc":{"start":{"line":20,"column":45},"end":{"line":38,"column":null}},"line":20},"2":{"name":"(anonymous_2)","decl":{"start":{"line":29,"column":52},"end":{"line":29,"column":58}},"loc":{"start":{"line":29,"column":58},"end":{"line":29,"column":62}},"line":29},"3":{"name":"(anonymous_3)","decl":{"start":{"line":40,"column":8},"end":{"line":40,"column":16}},"loc":{"start":{"line":40,"column":61},"end":{"line":59,"column":null}},"line":40},"4":{"name":"(anonymous_4)","decl":{"start":{"line":50,"column":52},"end":{"line":50,"column":58}},"loc":{"start":{"line":50,"column":58},"end":{"line":50,"column":62}},"line":50},"5":{"name":"(anonymous_5)","decl":{"start":{"line":61,"column":8},"end":{"line":61,"column":15}},"loc":{"start":{"line":61,"column":60},"end":{"line":80,"column":null}},"line":61},"6":{"name":"(anonymous_6)","decl":{"start":{"line":71,"column":52},"end":{"line":71,"column":58}},"loc":{"start":{"line":71,"column":58},"end":{"line":71,"column":62}},"line":71},"7":{"name":"(anonymous_7)","decl":{"start":{"line":82,"column":8},"end":{"line":82,"column":18}},"loc":{"start":{"line":82,"column":48},"end":{"line":100,"column":null}},"line":82},"8":{"name":"(anonymous_8)","decl":{"start":{"line":91,"column":52},"end":{"line":91,"column":58}},"loc":{"start":{"line":91,"column":58},"end":{"line":91,"column":62}},"line":91},"9":{"name":"(anonymous_9)","decl":{"start":{"line":102,"column":8},"end":{"line":102,"column":17}},"loc":{"start":{"line":102,"column":62},"end":{"line":121,"column":null}},"line":102},"10":{"name":"(anonymous_10)","decl":{"start":{"line":112,"column":52},"end":{"line":112,"column":58}},"loc":{"start":{"line":112,"column":58},"end":{"line":112,"column":62}},"line":112},"11":{"name":"(anonymous_11)","decl":{"start":{"line":123,"column":2},"end":{"line":123,"column":24}},"loc":{"start":{"line":123,"column":24},"end":{"line":125,"column":null}},"line":123}},"branchMap":{"0":{"loc":{"start":{"line":1,"column":21},"end":{"line":1,"column":null}},"type":"binary-expr","locations":[{"start":{"line":1,"column":21},"end":{"line":1,"column":58}},{"start":{"line":1,"column":58},"end":{"line":1,"column":null}}],"line":1},"1":{"loc":{"start":{"line":28,"column":4},"end":{"line":35,"column":null}},"type":"if","locations":[{"start":{"line":28,"column":4},"end":{"line":35,"column":null}},{"start":{},"end":{}}],"line":28},"2":{"loc":{"start":{"line":31,"column":8},"end":{"line":31,"column":null}},"type":"binary-expr","locations":[{"start":{"line":31,"column":8},"end":{"line":31,"column":30}},{"start":{"line":31,"column":30},"end":{"line":31,"column":null}}],"line":31},"3":{"loc":{"start":{"line":49,"column":4},"end":{"line":56,"column":null}},"type":"if","locations":[{"start":{"line":49,"column":4},"end":{"line":56,"column":null}},{"start":{},"end":{}}],"line":49},"4":{"loc":{"start":{"line":52,"column":8},"end":{"line":52,"column":null}},"type":"binary-expr","locations":[{"start":{"line":52,"column":8},"end":{"line":52,"column":30}},{"start":{"line":52,"column":30},"end":{"line":52,"column":null}}],"line":52},"5":{"loc":{"start":{"line":70,"column":4},"end":{"line":77,"column":null}},"type":"if","locations":[{"start":{"line":70,"column":4},"end":{"line":77,"column":null}},{"start":{},"end":{}}],"line":70},"6":{"loc":{"start":{"line":73,"column":8},"end":{"line":73,"column":null}},"type":"binary-expr","locations":[{"start":{"line":73,"column":8},"end":{"line":73,"column":30}},{"start":{"line":73,"column":30},"end":{"line":73,"column":null}}],"line":73},"7":{"loc":{"start":{"line":90,"column":4},"end":{"line":97,"column":null}},"type":"if","locations":[{"start":{"line":90,"column":4},"end":{"line":97,"column":null}},{"start":{},"end":{}}],"line":90},"8":{"loc":{"start":{"line":93,"column":8},"end":{"line":93,"column":null}},"type":"binary-expr","locations":[{"start":{"line":93,"column":8},"end":{"line":93,"column":30}},{"start":{"line":93,"column":30},"end":{"line":93,"column":null}}],"line":93},"9":{"loc":{"start":{"line":111,"column":4},"end":{"line":118,"column":null}},"type":"if","locations":[{"start":{"line":111,"column":4},"end":{"line":118,"column":null}},{"start":{},"end":{}}],"line":111},"10":{"loc":{"start":{"line":114,"column":8},"end":{"line":114,"column":null}},"type":"binary-expr","locations":[{"start":{"line":114,"column":8},"end":{"line":114,"column":30}},{"start":{"line":114,"column":30},"end":{"line":114,"column":null}}],"line":114},"11":{"loc":{"start":{"line":124,"column":11},"end":{"line":124,"column":null}},"type":"binary-expr","locations":[{"start":{"line":124,"column":11},"end":{"line":124,"column":55}},{"start":{"line":124,"column":55},"end":{"line":124,"column":null}}],"line":124}},"s":{"0":1,"1":0,"2":0,"3":0,"4":0,"5":1,"6":0,"7":0,"8":0,"9":0,"10":0,"11":0,"12":0,"13":0,"14":0,"15":0,"16":0,"17":0,"18":0,"19":0,"20":0,"21":0,"22":0,"23":0,"24":0,"25":0,"26":0,"27":0,"28":0,"29":0,"30":0,"31":0,"32":0,"33":0,"34":0,"35":0,"36":0},"f":{"0":0,"1":0,"2":0,"3":0,"4":0,"5":0,"6":0,"7":0,"8":0,"9":0,"10":0,"11":0},"b":{"0":[1,1],"1":[0,0],"2":[0,0],"3":[0,0],"4":[0,0],"5":[0,0],"6":[0,0],"7":[0,0],"8":[0,0],"9":[0,0],"10":[0,0],"11":[0,0]},"meta":{"lastBranch":12,"lastFunction":12,"lastStatement":37,"seen":{"s:1:21:1:Infinity":0,"b:1:21:1:58:1:58:1:Infinity":0,"f:7:2:7:Infinity":0,"s:12:4:12:Infinity":1,"s:13:4:13:Infinity":2,"s:14:4:14:Infinity":3,"s:15:4:15:Infinity":4,"s:19:25:126:Infinity":5,"f:20:8:20:15":1,"s:21:21:26:Infinity":6,"b:28:4:35:Infinity:undefined:undefined:undefined:undefined":1,"s:28:4:35:Infinity":7,"s:29:24:29:Infinity":8,"f:29:52:29:58":2,"s:29:58:29:62":9,"s:30:6:34:Infinity":10,"b:31:8:31:30:31:30:31:Infinity":2,"s:37:4:37:Infinity":11,"f:40:8:40:16":3,"s:41:21:47:Infinity":12,"b:49:4:56:Infinity:undefined:undefined:undefined:undefined":3,"s:49:4:56:Infinity":13,"s:50:24:50:Infinity":14,"f:50:52:50:58":4,"s:50:58:50:62":15,"s:51:6:55:Infinity":16,"b:52:8:52:30:52:30:52:Infinity":4,"s:58:4:58:Infinity":17,"f:61:8:61:15":5,"s:62:21:68:Infinity":18,"b:70:4:77:Infinity:undefined:undefined:undefined:undefined":5,"s:70:4:77:Infinity":19,"s:71:24:71:Infinity":20,"f:71:52:71:58":6,"s:71:58:71:62":21,"s:72:6:76:Infinity":22,"b:73:8:73:30:73:30:73:Infinity":6,"s:79:4:79:Infinity":23,"f:82:8:82:18":7,"s:83:21:88:Infinity":24,"b:90:4:97:Infinity:undefined:undefined:undefined:undefined":7,"s:90:4:97:Infinity":25,"s:91:24:91:Infinity":26,"f:91:52:91:58":8,"s:91:58:91:62":27,"s:92:6:96:Infinity":28,"b:93:8:93:30:93:30:93:Infinity":8,"s:99:4:99:Infinity":29,"f:102:8:102:17":9,"s:103:21:109:Infinity":30,"b:111:4:118:Infinity:undefined:undefined:undefined:undefined":9,"s:111:4:118:Infinity":31,"s:112:24:112:Infinity":32,"f:112:52:112:58":10,"s:112:58:112:62":33,"s:113:6:117:Infinity":34,"b:114:8:114:30:114:30:114:Infinity":10,"s:120:4:120:Infinity":35,"f:123:2:123:24":11,"s:124:4:124:Infinity":36,"b:124:11:124:55:124:55:124:Infinity":11}}}
,"D:\\workboardtraining\\apps\\react-spa\\src\\api\\mockServer.ts": {"path":"D:\\workboardtraining\\apps\\react-spa\\src\\api\\mockServer.ts","statementMap":{"0":{"start":{"line":4,"column":26},"end":{"line":101,"column":null}},"1":{"start":{"line":104,"column":24},"end":{"line":104,"column":null}},"2":{"start":{"line":105,"column":20},"end":{"line":105,"column":null}},"3":{"start":{"line":107,"column":23},"end":{"line":107,"column":null}},"4":{"start":{"line":107,"column":29},"end":{"line":107,"column":null}},"5":{"start":{"line":110,"column":18},"end":{"line":146,"column":null}},"6":{"start":{"line":111,"column":2},"end":{"line":145,"column":null}},"7":{"start":{"line":112,"column":22},"end":{"line":112,"column":null}},"8":{"start":{"line":113,"column":4},"end":{"line":144,"column":null}},"9":{"start":{"line":149,"column":0},"end":{"line":149,"column":null}},"10":{"start":{"line":151,"column":14},"end":{"line":151,"column":null}},"11":{"start":{"line":151,"column":30},"end":{"line":151,"column":null}},"12":{"start":{"line":151,"column":55},"end":{"line":151,"column":78}},"13":{"start":{"line":153,"column":23},"end":{"line":245,"column":null}},"14":{"start":{"line":155,"column":4},"end":{"line":155,"column":null}},"15":{"start":{"line":157,"column":27},"end":{"line":157,"column":null}},"16":{"start":{"line":160,"column":4},"end":{"line":166,"column":null}},"17":{"start":{"line":161,"column":26},"end":{"line":161,"column":null}},"18":{"start":{"line":162,"column":6},"end":{"line":165,"column":null}},"19":{"start":{"line":163,"column":8},"end":{"line":164,"column":null}},"20":{"start":{"line":169,"column":4},"end":{"line":171,"column":null}},"21":{"start":{"line":170,"column":6},"end":{"line":170,"column":null}},"22":{"start":{"line":170,"column":54},"end":{"line":170,"column":81}},"23":{"start":{"line":173,"column":18},"end":{"line":173,"column":null}},"24":{"start":{"line":174,"column":21},"end":{"line":174,"column":null}},"25":{"start":{"line":175,"column":23},"end":{"line":175,"column":null}},"26":{"start":{"line":178,"column":4},"end":{"line":182,"column":null}},"27":{"start":{"line":179,"column":12},"end":{"line":179,"column":null}},"28":{"start":{"line":180,"column":18},"end":{"line":180,"column":null}},"29":{"start":{"line":181,"column":6},"end":{"line":181,"column":null}},"30":{"start":{"line":184,"column":4},"end":{"line":190,"column":null}},"31":{"start":{"line":194,"column":4},"end":{"line":194,"column":null}},"32":{"start":{"line":195,"column":20},"end":{"line":195,"column":null}},"33":{"start":{"line":195,"column":41},"end":{"line":195,"column":52}},"34":{"start":{"line":196,"column":4},"end":{"line":198,"column":null}},"35":{"start":{"line":197,"column":6},"end":{"line":197,"column":null}},"36":{"start":{"line":199,"column":4},"end":{"line":199,"column":null}},"37":{"start":{"line":203,"column":4},"end":{"line":203,"column":null}},"38":{"start":{"line":205,"column":32},"end":{"line":212,"column":null}},"39":{"start":{"line":214,"column":4},"end":{"line":214,"column":null}},"40":{"start":{"line":215,"column":4},"end":{"line":215,"column":null}},"41":{"start":{"line":219,"column":4},"end":{"line":219,"column":null}},"42":{"start":{"line":221,"column":18},"end":{"line":221,"column":null}},"43":{"start":{"line":221,"column":44},"end":{"line":221,"column":55}},"44":{"start":{"line":222,"column":4},"end":{"line":224,"column":null}},"45":{"start":{"line":223,"column":6},"end":{"line":223,"column":null}},"46":{"start":{"line":226,"column":4},"end":{"line":230,"column":null}},"47":{"start":{"line":232,"column":4},"end":{"line":232,"column":null}},"48":{"start":{"line":236,"column":4},"end":{"line":236,"column":null}},"49":{"start":{"line":238,"column":18},"end":{"line":238,"column":null}},"50":{"start":{"line":238,"column":44},"end":{"line":238,"column":55}},"51":{"start":{"line":239,"column":4},"end":{"line":241,"column":null}},"52":{"start":{"line":240,"column":6},"end":{"line":240,"column":null}},"53":{"start":{"line":243,"column":4},"end":{"line":243,"column":null}},"54":{"start":{"line":248,"column":26},"end":{"line":316,"column":null}},"55":{"start":{"line":250,"column":4},"end":{"line":250,"column":null}},"56":{"start":{"line":251,"column":4},"end":{"line":251,"column":null}},"57":{"start":{"line":251,"column":38},"end":{"line":251,"column":66}},"58":{"start":{"line":255,"column":4},"end":{"line":255,"column":null}},"59":{"start":{"line":256,"column":17},"end":{"line":256,"column":null}},"60":{"start":{"line":256,"column":42},"end":{"line":256,"column":56}},"61":{"start":{"line":257,"column":4},"end":{"line":257,"column":null}},"62":{"start":{"line":261,"column":4},"end":{"line":261,"column":null}},"63":{"start":{"line":262,"column":26},"end":{"line":271,"column":null}},"64":{"start":{"line":272,"column":4},"end":{"line":272,"column":null}},"65":{"start":{"line":273,"column":4},"end":{"line":273,"column":null}},"66":{"start":{"line":277,"column":4},"end":{"line":277,"column":null}},"67":{"start":{"line":278,"column":18},"end":{"line":278,"column":null}},"68":{"start":{"line":278,"column":48},"end":{"line":278,"column":62}},"69":{"start":{"line":279,"column":4},"end":{"line":281,"column":null}},"70":{"start":{"line":280,"column":6},"end":{"line":280,"column":null}},"71":{"start":{"line":283,"column":4},"end":{"line":287,"column":null}},"72":{"start":{"line":289,"column":4},"end":{"line":289,"column":null}},"73":{"start":{"line":293,"column":4},"end":{"line":293,"column":null}},"74":{"start":{"line":294,"column":18},"end":{"line":294,"column":null}},"75":{"start":{"line":294,"column":48},"end":{"line":294,"column":62}},"76":{"start":{"line":295,"column":4},"end":{"line":297,"column":null}},"77":{"start":{"line":296,"column":6},"end":{"line":296,"column":null}},"78":{"start":{"line":298,"column":4},"end":{"line":298,"column":null}},"79":{"start":{"line":302,"column":4},"end":{"line":302,"column":null}},"80":{"start":{"line":303,"column":18},"end":{"line":303,"column":null}},"81":{"start":{"line":303,"column":48},"end":{"line":303,"column":62}},"82":{"start":{"line":304,"column":4},"end":{"line":306,"column":null}},"83":{"start":{"line":305,"column":6},"end":{"line":305,"column":null}},"84":{"start":{"line":308,"column":4},"end":{"line":312,"column":null}},"85":{"start":{"line":314,"column":4},"end":{"line":314,"column":null}}},"fnMap":{"0":{"name":"(anonymous_0)","decl":{"start":{"line":107,"column":23},"end":{"line":107,"column":29}},"loc":{"start":{"line":107,"column":29},"end":{"line":107,"column":null}},"line":107},"1":{"name":"(anonymous_1)","decl":{"start":{"line":110,"column":18},"end":{"line":110,"column":24}},"loc":{"start":{"line":110,"column":24},"end":{"line":146,"column":null}},"line":110},"2":{"name":"(anonymous_2)","decl":{"start":{"line":151,"column":14},"end":{"line":151,"column":15}},"loc":{"start":{"line":151,"column":30},"end":{"line":151,"column":null}},"line":151},"3":{"name":"(anonymous_3)","decl":{"start":{"line":151,"column":42},"end":{"line":151,"column":43}},"loc":{"start":{"line":151,"column":55},"end":{"line":151,"column":78}},"line":151},"4":{"name":"(anonymous_4)","decl":{"start":{"line":154,"column":8},"end":{"line":154,"column":20}},"loc":{"start":{"line":154,"column":181},"end":{"line":191,"column":null}},"line":154},"5":{"name":"(anonymous_5)","decl":{"start":{"line":162,"column":49},"end":{"line":162,"column":null}},"loc":{"start":{"line":163,"column":8},"end":{"line":164,"column":null}},"line":163},"6":{"name":"(anonymous_6)","decl":{"start":{"line":170,"column":49},"end":{"line":170,"column":54}},"loc":{"start":{"line":170,"column":54},"end":{"line":170,"column":81}},"line":170},"7":{"name":"(anonymous_7)","decl":{"start":{"line":193,"column":8},"end":{"line":193,"column":19}},"loc":{"start":{"line":193,"column":49},"end":{"line":200,"column":null}},"line":193},"8":{"name":"(anonymous_8)","decl":{"start":{"line":195,"column":34},"end":{"line":195,"column":35}},"loc":{"start":{"line":195,"column":41},"end":{"line":195,"column":52}},"line":195},"9":{"name":"(anonymous_9)","decl":{"start":{"line":202,"column":8},"end":{"line":202,"column":22}},"loc":{"start":{"line":202,"column":64},"end":{"line":216,"column":null}},"line":202},"10":{"name":"(anonymous_10)","decl":{"start":{"line":218,"column":8},"end":{"line":218,"column":22}},"loc":{"start":{"line":218,"column":76},"end":{"line":233,"column":null}},"line":218},"11":{"name":"(anonymous_11)","decl":{"start":{"line":221,"column":37},"end":{"line":221,"column":38}},"loc":{"start":{"line":221,"column":44},"end":{"line":221,"column":55}},"line":221},"12":{"name":"(anonymous_12)","decl":{"start":{"line":235,"column":8},"end":{"line":235,"column":22}},"loc":{"start":{"line":235,"column":49},"end":{"line":244,"column":null}},"line":235},"13":{"name":"(anonymous_13)","decl":{"start":{"line":238,"column":37},"end":{"line":238,"column":38}},"loc":{"start":{"line":238,"column":44},"end":{"line":238,"column":55}},"line":238},"14":{"name":"(anonymous_14)","decl":{"start":{"line":249,"column":8},"end":{"line":249,"column":17}},"loc":{"start":{"line":249,"column":53},"end":{"line":252,"column":null}},"line":249},"15":{"name":"(anonymous_15)","decl":{"start":{"line":251,"column":28},"end":{"line":251,"column":29}},"loc":{"start":{"line":251,"column":38},"end":{"line":251,"column":66}},"line":251},"16":{"name":"(anonymous_16)","decl":{"start":{"line":254,"column":8},"end":{"line":254,"column":16}},"loc":{"start":{"line":254,"column":50},"end":{"line":258,"column":null}},"line":254},"17":{"name":"(anonymous_17)","decl":{"start":{"line":256,"column":32},"end":{"line":256,"column":33}},"loc":{"start":{"line":256,"column":42},"end":{"line":256,"column":56}},"line":256},"18":{"name":"(anonymous_18)","decl":{"start":{"line":260,"column":8},"end":{"line":260,"column":19}},"loc":{"start":{"line":260,"column":55},"end":{"line":274,"column":null}},"line":260},"19":{"name":"(anonymous_19)","decl":{"start":{"line":276,"column":8},"end":{"line":276,"column":19}},"loc":{"start":{"line":276,"column":67},"end":{"line":290,"column":null}},"line":276},"20":{"name":"(anonymous_20)","decl":{"start":{"line":278,"column":38},"end":{"line":278,"column":39}},"loc":{"start":{"line":278,"column":48},"end":{"line":278,"column":62}},"line":278},"21":{"name":"(anonymous_21)","decl":{"start":{"line":292,"column":8},"end":{"line":292,"column":19}},"loc":{"start":{"line":292,"column":46},"end":{"line":299,"column":null}},"line":292},"22":{"name":"(anonymous_22)","decl":{"start":{"line":294,"column":38},"end":{"line":294,"column":39}},"loc":{"start":{"line":294,"column":48},"end":{"line":294,"column":62}},"line":294},"23":{"name":"(anonymous_23)","decl":{"start":{"line":301,"column":8},"end":{"line":301,"column":25}},"loc":{"start":{"line":301,"column":72},"end":{"line":315,"column":null}},"line":301},"24":{"name":"(anonymous_24)","decl":{"start":{"line":303,"column":38},"end":{"line":303,"column":39}},"loc":{"start":{"line":303,"column":48},"end":{"line":303,"column":62}},"line":303}},"branchMap":{"0":{"loc":{"start":{"line":111,"column":2},"end":{"line":145,"column":null}},"type":"if","locations":[{"start":{"line":111,"column":2},"end":{"line":145,"column":null}},{"start":{},"end":{}}],"line":111},"1":{"loc":{"start":{"line":160,"column":4},"end":{"line":166,"column":null}},"type":"if","locations":[{"start":{"line":160,"column":4},"end":{"line":166,"column":null}},{"start":{},"end":{}}],"line":160},"2":{"loc":{"start":{"line":163,"column":8},"end":{"line":164,"column":null}},"type":"binary-expr","locations":[{"start":{"line":163,"column":8},"end":{"line":163,"column":null}},{"start":{"line":164,"column":8},"end":{"line":164,"column":null}}],"line":163},"3":{"loc":{"start":{"line":169,"column":4},"end":{"line":171,"column":null}},"type":"if","locations":[{"start":{"line":169,"column":4},"end":{"line":171,"column":null}},{"start":{},"end":{}}],"line":169},"4":{"loc":{"start":{"line":169,"column":8},"end":{"line":169,"column":53}},"type":"binary-expr","locations":[{"start":{"line":169,"column":8},"end":{"line":169,"column":27}},{"start":{"line":169,"column":27},"end":{"line":169,"column":53}}],"line":169},"5":{"loc":{"start":{"line":174,"column":21},"end":{"line":174,"column":null}},"type":"binary-expr","locations":[{"start":{"line":174,"column":21},"end":{"line":174,"column":45}},{"start":{"line":174,"column":45},"end":{"line":174,"column":null}}],"line":174},"6":{"loc":{"start":{"line":178,"column":4},"end":{"line":182,"column":null}},"type":"if","locations":[{"start":{"line":178,"column":4},"end":{"line":182,"column":null}},{"start":{},"end":{}}],"line":178},"7":{"loc":{"start":{"line":196,"column":4},"end":{"line":198,"column":null}},"type":"if","locations":[{"start":{"line":196,"column":4},"end":{"line":198,"column":null}},{"start":{},"end":{}}],"line":196},"8":{"loc":{"start":{"line":222,"column":4},"end":{"line":224,"column":null}},"type":"if","locations":[{"start":{"line":222,"column":4},"end":{"line":224,"column":null}},{"start":{},"end":{}}],"line":222},"9":{"loc":{"start":{"line":239,"column":4},"end":{"line":241,"column":null}},"type":"if","locations":[{"start":{"line":239,"column":4},"end":{"line":241,"column":null}},{"start":{},"end":{}}],"line":239},"10":{"loc":{"start":{"line":257,"column":11},"end":{"line":257,"column":null}},"type":"binary-expr","locations":[{"start":{"line":257,"column":11},"end":{"line":257,"column":19}},{"start":{"line":257,"column":19},"end":{"line":257,"column":null}}],"line":257},"11":{"loc":{"start":{"line":266,"column":19},"end":{"line":266,"column":null}},"type":"binary-expr","locations":[{"start":{"line":266,"column":19},"end":{"line":266,"column":39}},{"start":{"line":266,"column":39},"end":{"line":266,"column":null}}],"line":266},"12":{"loc":{"start":{"line":267,"column":14},"end":{"line":267,"column":null}},"type":"binary-expr","locations":[{"start":{"line":267,"column":14},"end":{"line":267,"column":29}},{"start":{"line":267,"column":29},"end":{"line":267,"column":null}}],"line":267},"13":{"loc":{"start":{"line":268,"column":16},"end":{"line":268,"column":null}},"type":"binary-expr","locations":[{"start":{"line":268,"column":16},"end":{"line":268,"column":33}},{"start":{"line":268,"column":33},"end":{"line":268,"column":null}}],"line":268},"14":{"loc":{"start":{"line":279,"column":4},"end":{"line":281,"column":null}},"type":"if","locations":[{"start":{"line":279,"column":4},"end":{"line":281,"column":null}},{"start":{},"end":{}}],"line":279},"15":{"loc":{"start":{"line":295,"column":4},"end":{"line":297,"column":null}},"type":"if","locations":[{"start":{"line":295,"column":4},"end":{"line":297,"column":null}},{"start":{},"end":{}}],"line":295},"16":{"loc":{"start":{"line":304,"column":4},"end":{"line":306,"column":null}},"type":"if","locations":[{"start":{"line":304,"column":4},"end":{"line":306,"column":null}},{"start":{},"end":{}}],"line":304}},"s":{"0":1,"1":1,"2":1,"3":1,"4":3,"5":1,"6":1,"7":1,"8":1,"9":1,"10":1,"11":2,"12":2,"13":1,"14":2,"15":1,"16":1,"17":0,"18":0,"19":0,"20":1,"21":0,"22":0,"23":1,"24":1,"25":2,"26":2,"27":0,"28":0,"29":0,"30":1,"31":0,"32":0,"33":0,"34":0,"35":0,"36":0,"37":0,"38":0,"39":0,"40":0,"41":0,"42":0,"43":0,"44":0,"45":0,"46":0,"47":0,"48":0,"49":0,"50":0,"51":0,"52":0,"53":0,"54":1,"55":0,"56":0,"57":0,"58":0,"59":0,"60":0,"61":0,"62":0,"63":0,"64":0,"65":0,"66":0,"67":0,"68":0,"69":0,"70":0,"71":0,"72":0,"73":0,"74":0,"75":0,"76":0,"77":0,"78":0,"79":0,"80":0,"81":0,"82":0,"83":0,"84":0,"85":0},"f":{"0":3,"1":1,"2":2,"3":2,"4":2,"5":0,"6":0,"7":0,"8":0,"9":0,"10":0,"11":0,"12":0,"13":0,"14":0,"15":0,"16":0,"17":0,"18":0,"19":0,"20":0,"21":0,"22":0,"23":0,"24":0},"b":{"0":[1,0],"1":[0,1],"2":[0,0],"3":[0,1],"4":[1,0],"5":[1,1],"6":[0,2],"7":[0,0],"8":[0,0],"9":[0,0],"10":[0,0],"11":[0,0],"12":[0,0],"13":[0,0],"14":[0,0],"15":[0,0],"16":[0,0]},"meta":{"lastBranch":17,"lastFunction":25,"lastStatement":86,"seen":{"s:4:26:101:Infinity":0,"s:104:24:104:Infinity":1,"s:105:20:105:Infinity":2,"s:107:23:107:Infinity":3,"f:107:23:107:29":0,"s:107:29:107:Infinity":4,"s:110:18:146:Infinity":5,"f:110:18:110:24":1,"b:111:2:145:Infinity:undefined:undefined:undefined:undefined":0,"s:111:2:145:Infinity":6,"s:112:22:112:Infinity":7,"s:113:4:144:Infinity":8,"s:149:0:149:Infinity":9,"s:151:14:151:Infinity":10,"f:151:14:151:15":2,"s:151:30:151:Infinity":11,"f:151:42:151:43":3,"s:151:55:151:78":12,"s:153:23:245:Infinity":13,"f:154:8:154:20":4,"s:155:4:155:Infinity":14,"s:157:27:157:Infinity":15,"b:160:4:166:Infinity:undefined:undefined:undefined:undefined":1,"s:160:4:166:Infinity":16,"s:161:26:161:Infinity":17,"s:162:6:165:Infinity":18,"f:162:49:162:Infinity":5,"s:163:8:164:Infinity":19,"b:163:8:163:Infinity:164:8:164:Infinity":2,"b:169:4:171:Infinity:undefined:undefined:undefined:undefined":3,"s:169:4:171:Infinity":20,"b:169:8:169:27:169:27:169:53":4,"s:170:6:170:Infinity":21,"f:170:49:170:54":6,"s:170:54:170:81":22,"s:173:18:173:Infinity":23,"s:174:21:174:Infinity":24,"b:174:21:174:45:174:45:174:Infinity":5,"s:175:23:175:Infinity":25,"b:178:4:182:Infinity:undefined:undefined:undefined:undefined":6,"s:178:4:182:Infinity":26,"s:179:12:179:Infinity":27,"s:180:18:180:Infinity":28,"s:181:6:181:Infinity":29,"s:184:4:190:Infinity":30,"f:193:8:193:19":7,"s:194:4:194:Infinity":31,"s:195:20:195:Infinity":32,"f:195:34:195:35":8,"s:195:41:195:52":33,"b:196:4:198:Infinity:undefined:undefined:undefined:undefined":7,"s:196:4:198:Infinity":34,"s:197:6:197:Infinity":35,"s:199:4:199:Infinity":36,"f:202:8:202:22":9,"s:203:4:203:Infinity":37,"s:205:32:212:Infinity":38,"s:214:4:214:Infinity":39,"s:215:4:215:Infinity":40,"f:218:8:218:22":10,"s:219:4:219:Infinity":41,"s:221:18:221:Infinity":42,"f:221:37:221:38":11,"s:221:44:221:55":43,"b:222:4:224:Infinity:undefined:undefined:undefined:undefined":8,"s:222:4:224:Infinity":44,"s:223:6:223:Infinity":45,"s:226:4:230:Infinity":46,"s:232:4:232:Infinity":47,"f:235:8:235:22":12,"s:236:4:236:Infinity":48,"s:238:18:238:Infinity":49,"f:238:37:238:38":13,"s:238:44:238:55":50,"b:239:4:241:Infinity:undefined:undefined:undefined:undefined":9,"s:239:4:241:Infinity":51,"s:240:6:240:Infinity":52,"s:243:4:243:Infinity":53,"s:248:26:316:Infinity":54,"f:249:8:249:17":14,"s:250:4:250:Infinity":55,"s:251:4:251:Infinity":56,"f:251:28:251:29":15,"s:251:38:251:66":57,"f:254:8:254:16":16,"s:255:4:255:Infinity":58,"s:256:17:256:Infinity":59,"f:256:32:256:33":17,"s:256:42:256:56":60,"s:257:4:257:Infinity":61,"b:257:11:257:19:257:19:257:Infinity":10,"f:260:8:260:19":18,"s:261:4:261:Infinity":62,"s:262:26:271:Infinity":63,"b:266:19:266:39:266:39:266:Infinity":11,"b:267:14:267:29:267:29:267:Infinity":12,"b:268:16:268:33:268:33:268:Infinity":13,"s:272:4:272:Infinity":64,"s:273:4:273:Infinity":65,"f:276:8:276:19":19,"s:277:4:277:Infinity":66,"s:278:18:278:Infinity":67,"f:278:38:278:39":20,"s:278:48:278:62":68,"b:279:4:281:Infinity:undefined:undefined:undefined:undefined":14,"s:279:4:281:Infinity":69,"s:280:6:280:Infinity":70,"s:283:4:287:Infinity":71,"s:289:4:289:Infinity":72,"f:292:8:292:19":21,"s:293:4:293:Infinity":73,"s:294:18:294:Infinity":74,"f:294:38:294:39":22,"s:294:48:294:62":75,"b:295:4:297:Infinity:undefined:undefined:undefined:undefined":15,"s:295:4:297:Infinity":76,"s:296:6:296:Infinity":77,"s:298:4:298:Infinity":78,"f:301:8:301:25":23,"s:302:4:302:Infinity":79,"s:303:18:303:Infinity":80,"f:303:38:303:39":24,"s:303:48:303:62":81,"b:304:4:306:Infinity:undefined:undefined:undefined:undefined":16,"s:304:4:306:Infinity":82,"s:305:6:305:Infinity":83,"s:308:4:312:Infinity":84,"s:314:4:314:Infinity":85}}}
,"D:\\workboardtraining\\apps\\react-spa\\src\\api\\projects.api.ts": {"path":"D:\\workboardtraining\\apps\\react-spa\\src\\api\\projects.api.ts","statementMap":{"0":{"start":{"line":11,"column":21},"end":{"line":11,"column":null}},"1":{"start":{"line":13,"column":27},"end":{"line":41,"column":null}},"2":{"start":{"line":18,"column":4},"end":{"line":18,"column":null}},"3":{"start":{"line":18,"column":22},"end":{"line":18,"column":null}},"4":{"start":{"line":19,"column":4},"end":{"line":19,"column":null}},"5":{"start":{"line":23,"column":4},"end":{"line":23,"column":null}},"6":{"start":{"line":23,"column":22},"end":{"line":23,"column":null}},"7":{"start":{"line":24,"column":4},"end":{"line":24,"column":null}},"8":{"start":{"line":28,"column":4},"end":{"line":28,"column":null}},"9":{"start":{"line":28,"column":22},"end":{"line":28,"column":null}},"10":{"start":{"line":29,"column":4},"end":{"line":29,"column":null}},"11":{"start":{"line":33,"column":4},"end":{"line":33,"column":null}},"12":{"start":{"line":33,"column":22},"end":{"line":33,"column":null}},"13":{"start":{"line":34,"column":4},"end":{"line":34,"column":null}},"14":{"start":{"line":38,"column":4},"end":{"line":38,"column":null}},"15":{"start":{"line":38,"column":22},"end":{"line":38,"column":null}},"16":{"start":{"line":39,"column":4},"end":{"line":39,"column":null}}},"fnMap":{"0":{"name":"(anonymous_0)","decl":{"start":{"line":14,"column":15},"end":{"line":14,"column":null}},"loc":{"start":{"line":17,"column":34},"end":{"line":20,"column":null}},"line":17},"1":{"name":"(anonymous_1)","decl":{"start":{"line":22,"column":14},"end":{"line":22,"column":21}},"loc":{"start":{"line":22,"column":54},"end":{"line":25,"column":null}},"line":22},"2":{"name":"(anonymous_2)","decl":{"start":{"line":27,"column":17},"end":{"line":27,"column":24}},"loc":{"start":{"line":27,"column":69},"end":{"line":30,"column":null}},"line":27},"3":{"name":"(anonymous_3)","decl":{"start":{"line":32,"column":17},"end":{"line":32,"column":24}},"loc":{"start":{"line":32,"column":81},"end":{"line":35,"column":null}},"line":32},"4":{"name":"(anonymous_4)","decl":{"start":{"line":37,"column":17},"end":{"line":37,"column":24}},"loc":{"start":{"line":37,"column":54},"end":{"line":40,"column":null}},"line":37}},"branchMap":{"0":{"loc":{"start":{"line":18,"column":4},"end":{"line":18,"column":null}},"type":"if","locations":[{"start":{"line":18,"column":4},"end":{"line":18,"column":null}},{"start":{},"end":{}}],"line":18},"1":{"loc":{"start":{"line":23,"column":4},"end":{"line":23,"column":null}},"type":"if","locations":[{"start":{"line":23,"column":4},"end":{"line":23,"column":null}},{"start":{},"end":{}}],"line":23},"2":{"loc":{"start":{"line":28,"column":4},"end":{"line":28,"column":null}},"type":"if","locations":[{"start":{"line":28,"column":4},"end":{"line":28,"column":null}},{"start":{},"end":{}}],"line":28},"3":{"loc":{"start":{"line":33,"column":4},"end":{"line":33,"column":null}},"type":"if","locations":[{"start":{"line":33,"column":4},"end":{"line":33,"column":null}},{"start":{},"end":{}}],"line":33},"4":{"loc":{"start":{"line":38,"column":4},"end":{"line":38,"column":null}},"type":"if","locations":[{"start":{"line":38,"column":4},"end":{"line":38,"column":null}},{"start":{},"end":{}}],"line":38}},"s":{"0":1,"1":1,"2":2,"3":2,"4":0,"5":0,"6":0,"7":0,"8":0,"9":0,"10":0,"11":0,"12":0,"13":0,"14":0,"15":0,"16":0},"f":{"0":2,"1":0,"2":0,"3":0,"4":0},"b":{"0":[2,0],"1":[0,0],"2":[0,0],"3":[0,0],"4":[0,0]},"meta":{"lastBranch":5,"lastFunction":5,"lastStatement":17,"seen":{"s:11:21:11:Infinity":0,"s:13:27:41:Infinity":1,"f:14:15:14:Infinity":0,"b:18:4:18:Infinity:undefined:undefined:undefined:undefined":0,"s:18:4:18:Infinity":2,"s:18:22:18:Infinity":3,"s:19:4:19:Infinity":4,"f:22:14:22:21":1,"b:23:4:23:Infinity:undefined:undefined:undefined:undefined":1,"s:23:4:23:Infinity":5,"s:23:22:23:Infinity":6,"s:24:4:24:Infinity":7,"f:27:17:27:24":2,"b:28:4:28:Infinity:undefined:undefined:undefined:undefined":2,"s:28:4:28:Infinity":8,"s:28:22:28:Infinity":9,"s:29:4:29:Infinity":10,"f:32:17:32:24":3,"b:33:4:33:Infinity:undefined:undefined:undefined:undefined":3,"s:33:4:33:Infinity":11,"s:33:22:33:Infinity":12,"s:34:4:34:Infinity":13,"f:37:17:37:24":4,"b:38:4:38:Infinity:undefined:undefined:undefined:undefined":4,"s:38:4:38:Infinity":14,"s:38:22:38:Infinity":15,"s:39:4:39:Infinity":16}}}
,"D:\\workboardtraining\\apps\\react-spa\\src\\components\\forms\\FormInput.tsx": {"path":"D:\\workboardtraining\\apps\\react-spa\\src\\components\\forms\\FormInput.tsx","statementMap":{"0":{"start":{"line":11,"column":13},"end":{"line":67,"column":null}},"1":{"start":{"line":13,"column":20},"end":{"line":13,"column":null}},"2":{"start":{"line":14,"column":20},"end":{"line":14,"column":null}},"3":{"start":{"line":15,"column":21},"end":{"line":15,"column":null}},"4":{"start":{"line":17,"column":4},"end":{"line":64,"column":null}},"5":{"start":{"line":69,"column":0},"end":{"line":69,"column":null}}},"fnMap":{"0":{"name":"(anonymous_0)","decl":{"start":{"line":12,"column":2},"end":{"line":12,"column":3}},"loc":{"start":{"line":12,"column":71},"end":{"line":66,"column":null}},"line":12}},"branchMap":{"0":{"loc":{"start":{"line":12,"column":31},"end":{"line":12,"column":47}},"type":"default-arg","locations":[{"start":{"line":12,"column":43},"end":{"line":12,"column":47}}],"line":12},"1":{"loc":{"start":{"line":13,"column":20},"end":{"line":13,"column":null}},"type":"binary-expr","locations":[{"start":{"line":13,"column":20},"end":{"line":13,"column":26}},{"start":{"line":13,"column":26},"end":{"line":13,"column":null}}],"line":13},"2":{"loc":{"start":{"line":24,"column":11},"end":{"line":27,"column":null}},"type":"binary-expr","locations":[{"start":{"line":24,"column":11},"end":{"line":24,"column":null}},{"start":{"line":25,"column":12},"end":{"line":27,"column":null}}],"line":24},"3":{"loc":{"start":{"line":38,"column":14},"end":{"line":38,"column":98}},"type":"cond-expr","locations":[{"start":{"line":38,"column":22},"end":{"line":38,"column":81}},{"start":{"line":38,"column":81},"end":{"line":38,"column":98}}],"line":38},"4":{"loc":{"start":{"line":41,"column":24},"end":{"line":41,"column":null}},"type":"cond-expr","locations":[{"start":{"line":41,"column":32},"end":{"line":41,"column":41}},{"start":{"line":41,"column":41},"end":{"line":41,"column":null}}],"line":41},"5":{"loc":{"start":{"line":43,"column":12},"end":{"line":43,"column":null}},"type":"cond-expr","locations":[{"start":{"line":43,"column":20},"end":{"line":43,"column":30}},{"start":{"line":43,"column":30},"end":{"line":43,"column":null}}],"line":43},"6":{"loc":{"start":{"line":43,"column":30},"end":{"line":43,"column":null}},"type":"cond-expr","locations":[{"start":{"line":43,"column":43},"end":{"line":43,"column":54}},{"start":{"line":43,"column":54},"end":{"line":43,"column":null}}],"line":43},"7":{"loc":{"start":{"line":48,"column":9},"end":{"line":51,"column":null}},"type":"binary-expr","locations":[{"start":{"line":48,"column":9},"end":{"line":48,"column":23}},{"start":{"line":48,"column":23},"end":{"line":48,"column":null}},{"start":{"line":49,"column":10},"end":{"line":51,"column":null}}],"line":48},"8":{"loc":{"start":{"line":54,"column":9},"end":{"line":62,"column":null}},"type":"binary-expr","locations":[{"start":{"line":54,"column":9},"end":{"line":54,"column":null}},{"start":{"line":55,"column":10},"end":{"line":62,"column":null}}],"line":54},"9":{"loc":{"start":{"line":61,"column":13},"end":{"line":61,"column":null}},"type":"cond-expr","locations":[{"start":{"line":61,"column":41},"end":{"line":61,"column":49}},{"start":{"line":61,"column":49},"end":{"line":61,"column":null}}],"line":61}},"s":{"0":1,"1":5,"2":5,"3":5,"4":5,"5":1},"f":{"0":5},"b":{"0":[5],"1":[5,5],"2":[5,1],"3":[1,4],"4":[1,4],"5":[1,4],"6":[0,4],"7":[5,0,0],"8":[5,1],"9":[0,1]},"meta":{"lastBranch":10,"lastFunction":1,"lastStatement":6,"seen":{"s:11:13:67:Infinity":0,"f:12:2:12:3":0,"b:12:43:12:47":0,"s:13:20:13:Infinity":1,"b:13:20:13:26:13:26:13:Infinity":1,"s:14:20:14:Infinity":2,"s:15:21:15:Infinity":3,"s:17:4:64:Infinity":4,"b:24:11:24:Infinity:25:12:27:Infinity":2,"b:38:22:38:81:38:81:38:98":3,"b:41:32:41:41:41:41:41:Infinity":4,"b:43:20:43:30:43:30:43:Infinity":5,"b:43:43:43:54:43:54:43:Infinity":6,"b:48:9:48:23:48:23:48:Infinity:49:10:51:Infinity":7,"b:54:9:54:Infinity:55:10:62:Infinity":8,"b:61:41:61:49:61:49:61:Infinity":9,"s:69:0:69:Infinity":5}}}
,"D:\\workboardtraining\\apps\\react-spa\\src\\components\\projects\\ProjectFilters.tsx": {"path":"D:\\workboardtraining\\apps\\react-spa\\src\\components\\projects\\ProjectFilters.tsx","statementMap":{"0":{"start":{"line":16,"column":2},"end":{"line":56,"column":null}},"1":{"start":{"line":27,"column":29},"end":{"line":27,"column":null}},"2":{"start":{"line":40,"column":14},"end":{"line":43,"column":null}}},"fnMap":{"0":{"name":"ProjectFilters","decl":{"start":{"line":11,"column":16},"end":{"line":11,"column":31}},"loc":{"start":{"line":15,"column":24},"end":{"line":58,"column":null}},"line":15},"1":{"name":"(anonymous_1)","decl":{"start":{"line":27,"column":22},"end":{"line":27,"column":23}},"loc":{"start":{"line":27,"column":29},"end":{"line":27,"column":null}},"line":27},"2":{"name":"(anonymous_2)","decl":{"start":{"line":39,"column":22},"end":{"line":39,"column":23}},"loc":{"start":{"line":40,"column":14},"end":{"line":43,"column":null}},"line":40}},"branchMap":{"0":{"loc":{"start":{"line":26,"column":19},"end":{"line":26,"column":null}},"type":"binary-expr","locations":[{"start":{"line":26,"column":19},"end":{"line":26,"column":37}},{"start":{"line":26,"column":37},"end":{"line":26,"column":null}}],"line":26},"1":{"loc":{"start":{"line":38,"column":19},"end":{"line":38,"column":null}},"type":"binary-expr","locations":[{"start":{"line":38,"column":19},"end":{"line":38,"column":37}},{"start":{"line":38,"column":37},"end":{"line":38,"column":null}}],"line":38}},"s":{"0":4,"1":4,"2":1},"f":{"0":4,"1":4,"2":1},"b":{"0":[4,4],"1":[4,0]},"meta":{"lastBranch":2,"lastFunction":3,"lastStatement":3,"seen":{"f:11:16:11:31":0,"s:16:2:56:Infinity":0,"b:26:19:26:37:26:37:26:Infinity":0,"f:27:22:27:23":1,"s:27:29:27:Infinity":1,"b:38:19:38:37:38:37:38:Infinity":1,"f:39:22:39:23":2,"s:40:14:43:Infinity":2}}}
,"D:\\workboardtraining\\apps\\react-spa\\src\\components\\tasks\\TaskCard.tsx": {"path":"D:\\workboardtraining\\apps\\react-spa\\src\\components\\tasks\\TaskCard.tsx","statementMap":{"0":{"start":{"line":12,"column":24},"end":{"line":67,"column":null}},"1":{"start":{"line":13,"column":25},"end":{"line":17,"column":null}},"2":{"start":{"line":19,"column":23},"end":{"line":19,"column":null}},"3":{"start":{"line":21,"column":2},"end":{"line":65,"column":null}},"4":{"start":{"line":37,"column":27},"end":{"line":37,"column":null}},"5":{"start":{"line":42,"column":12},"end":{"line":44,"column":null}},"6":{"start":{"line":50,"column":27},"end":{"line":50,"column":null}},"7":{"start":{"line":57,"column":27},"end":{"line":57,"column":null}}},"fnMap":{"0":{"name":"(anonymous_0)","decl":{"start":{"line":12,"column":24},"end":{"line":12,"column":25}},"loc":{"start":{"line":12,"column":87},"end":{"line":67,"column":null}},"line":12},"1":{"name":"(anonymous_1)","decl":{"start":{"line":37,"column":20},"end":{"line":37,"column":21}},"loc":{"start":{"line":37,"column":27},"end":{"line":37,"column":null}},"line":37},"2":{"name":"(anonymous_2)","decl":{"start":{"line":41,"column":50},"end":{"line":41,"column":51}},"loc":{"start":{"line":42,"column":12},"end":{"line":44,"column":null}},"line":42},"3":{"name":"(anonymous_3)","decl":{"start":{"line":50,"column":21},"end":{"line":50,"column":27}},"loc":{"start":{"line":50,"column":27},"end":{"line":50,"column":null}},"line":50},"4":{"name":"(anonymous_4)","decl":{"start":{"line":57,"column":21},"end":{"line":57,"column":27}},"loc":{"start":{"line":57,"column":27},"end":{"line":57,"column":null}},"line":57}},"branchMap":{"0":{"loc":{"start":{"line":22,"column":62},"end":{"line":22,"column":94}},"type":"cond-expr","locations":[{"start":{"line":22,"column":77},"end":{"line":22,"column":92}},{"start":{"line":22,"column":92},"end":{"line":22,"column":94}}],"line":22},"1":{"loc":{"start":{"line":30,"column":7},"end":{"line":31,"column":null}},"type":"binary-expr","locations":[{"start":{"line":30,"column":7},"end":{"line":30,"column":null}},{"start":{"line":31,"column":8},"end":{"line":31,"column":null}}],"line":30}},"s":{"0":1,"1":5,"2":5,"3":5,"4":0,"5":15,"6":1,"7":1},"f":{"0":5,"1":0,"2":15,"3":1,"4":1},"b":{"0":[0,5],"1":[5,5]},"meta":{"lastBranch":2,"lastFunction":5,"lastStatement":8,"seen":{"s:12:24:67:Infinity":0,"f:12:24:12:25":0,"s:13:25:17:Infinity":1,"s:19:23:19:Infinity":2,"s:21:2:65:Infinity":3,"b:22:77:22:92:22:92:22:94":0,"b:30:7:30:Infinity:31:8:31:Infinity":1,"f:37:20:37:21":1,"s:37:27:37:Infinity":4,"f:41:50:41:51":2,"s:42:12:44:Infinity":5,"f:50:21:50:27":3,"s:50:27:50:Infinity":6,"f:57:21:57:27":4,"s:57:27:57:Infinity":7}}}
,"D:\\workboardtraining\\apps\\react-spa\\src\\components\\ui\\Button.tsx": {"path":"D:\\workboardtraining\\apps\\react-spa\\src\\components\\ui\\Button.tsx","statementMap":{"0":{"start":{"line":20,"column":21},"end":{"line":20,"column":null}},"1":{"start":{"line":22,"column":24},"end":{"line":26,"column":null}},"2":{"start":{"line":28,"column":21},"end":{"line":32,"column":null}},"3":{"start":{"line":34,"column":2},"end":{"line":61,"column":null}}},"fnMap":{"0":{"name":"Button","decl":{"start":{"line":10,"column":16},"end":{"line":10,"column":23}},"loc":{"start":{"line":19,"column":16},"end":{"line":63,"column":null}},"line":19}},"branchMap":{"0":{"loc":{"start":{"line":12,"column":2},"end":{"line":12,"column":null}},"type":"default-arg","locations":[{"start":{"line":12,"column":12},"end":{"line":12,"column":null}}],"line":12},"1":{"loc":{"start":{"line":13,"column":2},"end":{"line":13,"column":null}},"type":"default-arg","locations":[{"start":{"line":13,"column":9},"end":{"line":13,"column":null}}],"line":13},"2":{"loc":{"start":{"line":14,"column":2},"end":{"line":14,"column":null}},"type":"default-arg","locations":[{"start":{"line":14,"column":14},"end":{"line":14,"column":null}}],"line":14},"3":{"loc":{"start":{"line":15,"column":2},"end":{"line":15,"column":null}},"type":"default-arg","locations":[{"start":{"line":15,"column":14},"end":{"line":15,"column":null}}],"line":15},"4":{"loc":{"start":{"line":17,"column":2},"end":{"line":17,"column":null}},"type":"default-arg","locations":[{"start":{"line":17,"column":9},"end":{"line":17,"column":null}}],"line":17},"5":{"loc":{"start":{"line":38,"column":16},"end":{"line":38,"column":null}},"type":"binary-expr","locations":[{"start":{"line":38,"column":16},"end":{"line":38,"column":29}},{"start":{"line":38,"column":29},"end":{"line":38,"column":null}}],"line":38},"6":{"loc":{"start":{"line":40,"column":21},"end":{"line":40,"column":null}},"type":"binary-expr","locations":[{"start":{"line":40,"column":21},"end":{"line":40,"column":34}},{"start":{"line":40,"column":34},"end":{"line":40,"column":null}}],"line":40},"7":{"loc":{"start":{"line":43,"column":7},"end":{"line":59,"column":null}},"type":"cond-expr","locations":[{"start":{"line":44,"column":8},"end":{"line":57,"column":null}},{"start":{"line":59,"column":8},"end":{"line":59,"column":null}}],"line":43}},"s":{"0":4,"1":4,"2":4,"3":4},"f":{"0":4},"b":{"0":[4],"1":[4],"2":[4],"3":[4],"4":[4],"5":[4,4],"6":[4,4],"7":[0,4]},"meta":{"lastBranch":8,"lastFunction":1,"lastStatement":4,"seen":{"f:10:16:10:23":0,"b:12:12:12:Infinity":0,"b:13:9:13:Infinity":1,"b:14:14:14:Infinity":2,"b:15:14:15:Infinity":3,"b:17:9:17:Infinity":4,"s:20:21:20:Infinity":0,"s:22:24:26:Infinity":1,"s:28:21:32:Infinity":2,"s:34:2:61:Infinity":3,"b:38:16:38:29:38:29:38:Infinity":5,"b:40:21:40:34:40:34:40:Infinity":6,"b:44:8:57:Infinity:59:8:59:Infinity":7}}}
,"D:\\workboardtraining\\apps\\react-spa\\src\\components\\ui\\Card.tsx": {"path":"D:\\workboardtraining\\apps\\react-spa\\src\\components\\ui\\Card.tsx","statementMap":{"0":{"start":{"line":18,"column":24},"end":{"line":18,"column":null}},"1":{"start":{"line":20,"column":22},"end":{"line":22,"column":null}},"2":{"start":{"line":25,"column":4},"end":{"line":32,"column":null}},"3":{"start":{"line":35,"column":2},"end":{"line":53,"column":null}},"4":{"start":{"line":36,"column":4},"end":{"line":51,"column":null}},"5":{"start":{"line":43,"column":10},"end":{"line":46,"column":null}},"6":{"start":{"line":44,"column":12},"end":{"line":44,"column":null}},"7":{"start":{"line":45,"column":12},"end":{"line":45,"column":null}},"8":{"start":{"line":55,"column":2},"end":{"line":58,"column":null}}},"fnMap":{"0":{"name":"Card","decl":{"start":{"line":11,"column":16},"end":{"line":11,"column":21}},"loc":{"start":{"line":17,"column":14},"end":{"line":60,"column":null}},"line":17},"1":{"name":"(anonymous_1)","decl":{"start":{"line":42,"column":19},"end":{"line":42,"column":20}},"loc":{"start":{"line":42,"column":26},"end":{"line":47,"column":null}},"line":42}},"branchMap":{"0":{"loc":{"start":{"line":14,"column":2},"end":{"line":14,"column":null}},"type":"default-arg","locations":[{"start":{"line":14,"column":14},"end":{"line":14,"column":null}}],"line":14},"1":{"loc":{"start":{"line":16,"column":6},"end":{"line":16,"column":null}},"type":"default-arg","locations":[{"start":{"line":16,"column":18},"end":{"line":16,"column":null}}],"line":16},"2":{"loc":{"start":{"line":21,"column":4},"end":{"line":21,"column":null}},"type":"cond-expr","locations":[{"start":{"line":21,"column":20},"end":{"line":21,"column":123}},{"start":{"line":21,"column":123},"end":{"line":21,"column":null}}],"line":21},"3":{"loc":{"start":{"line":26,"column":7},"end":{"line":29,"column":null}},"type":"binary-expr","locations":[{"start":{"line":26,"column":7},"end":{"line":26,"column":null}},{"start":{"line":27,"column":8},"end":{"line":29,"column":null}}],"line":26},"4":{"loc":{"start":{"line":35,"column":2},"end":{"line":53,"column":null}},"type":"if","locations":[{"start":{"line":35,"column":2},"end":{"line":53,"column":null}},{"start":{},"end":{}}],"line":35},"5":{"loc":{"start":{"line":43,"column":10},"end":{"line":46,"column":null}},"type":"if","locations":[{"start":{"line":43,"column":10},"end":{"line":46,"column":null}},{"start":{},"end":{}}],"line":43},"6":{"loc":{"start":{"line":43,"column":14},"end":{"line":43,"column":50}},"type":"binary-expr","locations":[{"start":{"line":43,"column":14},"end":{"line":43,"column":35}},{"start":{"line":43,"column":35},"end":{"line":43,"column":50}}],"line":43}},"s":{"0":5,"1":5,"2":5,"3":5,"4":0,"5":0,"6":0,"7":0,"8":5},"f":{"0":5,"1":0},"b":{"0":[5],"1":[5],"2":[0,5],"3":[5,0],"4":[0,5],"5":[0,0],"6":[0,0]},"meta":{"lastBranch":7,"lastFunction":2,"lastStatement":9,"seen":{"f:11:16:11:21":0,"b:14:14:14:Infinity":0,"b:16:18:16:Infinity":1,"s:18:24:18:Infinity":0,"s:20:22:22:Infinity":1,"b:21:20:21:123:21:123:21:Infinity":2,"s:25:4:32:Infinity":2,"b:26:7:26:Infinity:27:8:29:Infinity":3,"b:35:2:53:Infinity:undefined:undefined:undefined:undefined":4,"s:35:2:53:Infinity":3,"s:36:4:51:Infinity":4,"f:42:19:42:20":1,"b:43:10:46:Infinity:undefined:undefined:undefined:undefined":5,"s:43:10:46:Infinity":5,"b:43:14:43:35:43:35:43:50":6,"s:44:12:44:Infinity":6,"s:45:12:45:Infinity":7,"s:55:2:58:Infinity":8}}}
,"D:\\workboardtraining\\apps\\react-spa\\src\\components\\ui\\Input.tsx": {"path":"D:\\workboardtraining\\apps\\react-spa\\src\\components\\ui\\Input.tsx","statementMap":{"0":{"start":{"line":7,"column":13},"end":{"line":32,"column":null}},"1":{"start":{"line":9,"column":4},"end":{"line":29,"column":null}},"2":{"start":{"line":33,"column":0},"end":{"line":33,"column":null}}},"fnMap":{"0":{"name":"(anonymous_0)","decl":{"start":{"line":8,"column":2},"end":{"line":8,"column":3}},"loc":{"start":{"line":8,"column":55},"end":{"line":31,"column":null}},"line":8}},"branchMap":{"0":{"loc":{"start":{"line":8,"column":19},"end":{"line":8,"column":35}},"type":"default-arg","locations":[{"start":{"line":8,"column":31},"end":{"line":8,"column":35}}],"line":8},"1":{"loc":{"start":{"line":11,"column":9},"end":{"line":14,"column":null}},"type":"binary-expr","locations":[{"start":{"line":11,"column":9},"end":{"line":11,"column":null}},{"start":{"line":12,"column":10},"end":{"line":14,"column":null}}],"line":11},"2":{"loc":{"start":{"line":21,"column":14},"end":{"line":21,"column":58}},"type":"cond-expr","locations":[{"start":{"line":21,"column":22},"end":{"line":21,"column":41}},{"start":{"line":21,"column":41},"end":{"line":21,"column":58}}],"line":21},"3":{"loc":{"start":{"line":26,"column":9},"end":{"line":27,"column":null}},"type":"binary-expr","locations":[{"start":{"line":26,"column":9},"end":{"line":26,"column":null}},{"start":{"line":27,"column":10},"end":{"line":27,"column":null}}],"line":26}},"s":{"0":1,"1":4,"2":1},"f":{"0":4},"b":{"0":[4],"1":[4,0],"2":[0,4],"3":[4,0]},"meta":{"lastBranch":4,"lastFunction":1,"lastStatement":3,"seen":{"s:7:13:32:Infinity":0,"f:8:2:8:3":0,"b:8:31:8:35":0,"s:9:4:29:Infinity":1,"b:11:9:11:Infinity:12:10:14:Infinity":1,"b:21:22:21:41:21:41:21:58":2,"b:26:9:26:Infinity:27:10:27:Infinity":3,"s:33:0:33:Infinity":2}}}
,"D:\\workboardtraining\\apps\\react-spa\\src\\hooks\\useDebounce.ts": {"path":"D:\\workboardtraining\\apps\\react-spa\\src\\hooks\\useDebounce.ts","statementMap":{"0":{"start":{"line":4,"column":23},"end":{"line":4,"column":null}},"1":{"start":{"line":5,"column":2},"end":{"line":5,"column":null}}},"fnMap":{"0":{"name":"useDebounce","decl":{"start":{"line":3,"column":16},"end":{"line":3,"column":31}},"loc":{"start":{"line":3,"column":65},"end":{"line":6,"column":null}},"line":3}},"branchMap":{"0":{"loc":{"start":{"line":3,"column":41},"end":{"line":3,"column":65}},"type":"default-arg","locations":[{"start":{"line":3,"column":57},"end":{"line":3,"column":65}}],"line":3}},"s":{"0":9,"1":9},"f":{"0":9},"b":{"0":[9]},"meta":{"lastBranch":1,"lastFunction":1,"lastStatement":2,"seen":{"f:3:16:3:31":0,"b:3:57:3:65":0,"s:4:23:4:Infinity":0,"s:5:2:5:Infinity":1}}}
,"D:\\workboardtraining\\apps\\react-spa\\src\\hooks\\useProjects.ts": {"path":"D:\\workboardtraining\\apps\\react-spa\\src\\hooks\\useProjects.ts","statementMap":{"0":{"start":{"line":7,"column":27},"end":{"line":14,"column":null}},"1":{"start":{"line":9,"column":15},"end":{"line":9,"column":null}},"2":{"start":{"line":11,"column":4},"end":{"line":11,"column":null}},"3":{"start":{"line":12,"column":17},"end":{"line":12,"column":null}},"4":{"start":{"line":13,"column":26},"end":{"line":13,"column":null}},"5":{"start":{"line":20,"column":2},"end":{"line":23,"column":null}},"6":{"start":{"line":22,"column":19},"end":{"line":22,"column":null}},"7":{"start":{"line":27,"column":2},"end":{"line":31,"column":null}},"8":{"start":{"line":29,"column":19},"end":{"line":29,"column":null}},"9":{"start":{"line":35,"column":8},"end":{"line":35,"column":null}},"10":{"start":{"line":36,"column":8},"end":{"line":36,"column":null}},"11":{"start":{"line":36,"column":41},"end":{"line":36,"column":55}},"12":{"start":{"line":38,"column":2},"end":{"line":54,"column":null}},"13":{"start":{"line":39,"column":44},"end":{"line":39,"column":null}},"14":{"start":{"line":41,"column":6},"end":{"line":41,"column":null}},"15":{"start":{"line":43,"column":6},"end":{"line":46,"column":null}},"16":{"start":{"line":49,"column":6},"end":{"line":52,"column":null}},"17":{"start":{"line":58,"column":8},"end":{"line":58,"column":null}},"18":{"start":{"line":59,"column":8},"end":{"line":59,"column":null}},"19":{"start":{"line":59,"column":41},"end":{"line":59,"column":55}},"20":{"start":{"line":61,"column":2},"end":{"line":79,"column":null}},"21":{"start":{"line":63,"column":6},"end":{"line":63,"column":null}},"22":{"start":{"line":65,"column":6},"end":{"line":65,"column":null}},"23":{"start":{"line":66,"column":6},"end":{"line":66,"column":null}},"24":{"start":{"line":68,"column":6},"end":{"line":71,"column":null}},"25":{"start":{"line":74,"column":6},"end":{"line":77,"column":null}},"26":{"start":{"line":83,"column":8},"end":{"line":83,"column":null}},"27":{"start":{"line":84,"column":8},"end":{"line":84,"column":null}},"28":{"start":{"line":84,"column":41},"end":{"line":84,"column":55}},"29":{"start":{"line":86,"column":2},"end":{"line":102,"column":null}},"30":{"start":{"line":87,"column":32},"end":{"line":87,"column":null}},"31":{"start":{"line":89,"column":6},"end":{"line":89,"column":null}},"32":{"start":{"line":91,"column":6},"end":{"line":94,"column":null}},"33":{"start":{"line":97,"column":6},"end":{"line":100,"column":null}}},"fnMap":{"0":{"name":"(anonymous_0)","decl":{"start":{"line":9,"column":9},"end":{"line":9,"column":15}},"loc":{"start":{"line":9,"column":15},"end":{"line":9,"column":null}},"line":9},"1":{"name":"(anonymous_1)","decl":{"start":{"line":10,"column":8},"end":{"line":10,"column":9}},"loc":{"start":{"line":11,"column":4},"end":{"line":11,"column":null}},"line":11},"2":{"name":"(anonymous_2)","decl":{"start":{"line":12,"column":11},"end":{"line":12,"column":17}},"loc":{"start":{"line":12,"column":17},"end":{"line":12,"column":null}},"line":12},"3":{"name":"(anonymous_3)","decl":{"start":{"line":13,"column":10},"end":{"line":13,"column":11}},"loc":{"start":{"line":13,"column":26},"end":{"line":13,"column":null}},"line":13},"4":{"name":"useProjects","decl":{"start":{"line":16,"column":16},"end":{"line":16,"column":null}},"loc":{"start":{"line":19,"column":2},"end":{"line":24,"column":null}},"line":19},"5":{"name":"(anonymous_5)","decl":{"start":{"line":22,"column":13},"end":{"line":22,"column":19}},"loc":{"start":{"line":22,"column":19},"end":{"line":22,"column":null}},"line":22},"6":{"name":"useProject","decl":{"start":{"line":26,"column":16},"end":{"line":26,"column":27}},"loc":{"start":{"line":26,"column":39},"end":{"line":32,"column":null}},"line":26},"7":{"name":"(anonymous_7)","decl":{"start":{"line":29,"column":13},"end":{"line":29,"column":19}},"loc":{"start":{"line":29,"column":19},"end":{"line":29,"column":null}},"line":29},"8":{"name":"useCreateProject","decl":{"start":{"line":34,"column":16},"end":{"line":34,"column":35}},"loc":{"start":{"line":34,"column":35},"end":{"line":55,"column":null}},"line":34},"9":{"name":"(anonymous_9)","decl":{"start":{"line":36,"column":30},"end":{"line":36,"column":31}},"loc":{"start":{"line":36,"column":41},"end":{"line":36,"column":55}},"line":36},"10":{"name":"(anonymous_10)","decl":{"start":{"line":39,"column":16},"end":{"line":39,"column":17}},"loc":{"start":{"line":39,"column":44},"end":{"line":39,"column":null}},"line":39},"11":{"name":"(anonymous_11)","decl":{"start":{"line":40,"column":15},"end":{"line":40,"column":21}},"loc":{"start":{"line":40,"column":21},"end":{"line":47,"column":null}},"line":40},"12":{"name":"(anonymous_12)","decl":{"start":{"line":48,"column":13},"end":{"line":48,"column":14}},"loc":{"start":{"line":48,"column":31},"end":{"line":53,"column":null}},"line":48},"13":{"name":"useUpdateProject","decl":{"start":{"line":57,"column":16},"end":{"line":57,"column":35}},"loc":{"start":{"line":57,"column":35},"end":{"line":80,"column":null}},"line":57},"14":{"name":"(anonymous_14)","decl":{"start":{"line":59,"column":30},"end":{"line":59,"column":31}},"loc":{"start":{"line":59,"column":41},"end":{"line":59,"column":55}},"line":59},"15":{"name":"(anonymous_15)","decl":{"start":{"line":62,"column":16},"end":{"line":62,"column":17}},"loc":{"start":{"line":63,"column":6},"end":{"line":63,"column":null}},"line":63},"16":{"name":"(anonymous_16)","decl":{"start":{"line":64,"column":15},"end":{"line":64,"column":16}},"loc":{"start":{"line":64,"column":33},"end":{"line":72,"column":null}},"line":64},"17":{"name":"(anonymous_17)","decl":{"start":{"line":73,"column":13},"end":{"line":73,"column":14}},"loc":{"start":{"line":73,"column":31},"end":{"line":78,"column":null}},"line":73},"18":{"name":"useDeleteProject","decl":{"start":{"line":82,"column":16},"end":{"line":82,"column":35}},"loc":{"start":{"line":82,"column":35},"end":{"line":103,"column":null}},"line":82},"19":{"name":"(anonymous_19)","decl":{"start":{"line":84,"column":30},"end":{"line":84,"column":31}},"loc":{"start":{"line":84,"column":41},"end":{"line":84,"column":55}},"line":84},"20":{"name":"(anonymous_20)","decl":{"start":{"line":87,"column":16},"end":{"line":87,"column":17}},"loc":{"start":{"line":87,"column":32},"end":{"line":87,"column":null}},"line":87},"21":{"name":"(anonymous_21)","decl":{"start":{"line":88,"column":15},"end":{"line":88,"column":21}},"loc":{"start":{"line":88,"column":21},"end":{"line":95,"column":null}},"line":88},"22":{"name":"(anonymous_22)","decl":{"start":{"line":96,"column":13},"end":{"line":96,"column":14}},"loc":{"start":{"line":96,"column":31},"end":{"line":101,"column":null}},"line":96}},"branchMap":{"0":{"loc":{"start":{"line":51,"column":17},"end":{"line":51,"column":null}},"type":"binary-expr","locations":[{"start":{"line":51,"column":17},"end":{"line":51,"column":34}},{"start":{"line":51,"column":34},"end":{"line":51,"column":null}}],"line":51},"1":{"loc":{"start":{"line":76,"column":17},"end":{"line":76,"column":null}},"type":"binary-expr","locations":[{"start":{"line":76,"column":17},"end":{"line":76,"column":34}},{"start":{"line":76,"column":34},"end":{"line":76,"column":null}}],"line":76},"2":{"loc":{"start":{"line":99,"column":17},"end":{"line":99,"column":null}},"type":"binary-expr","locations":[{"start":{"line":99,"column":17},"end":{"line":99,"column":34}},{"start":{"line":99,"column":34},"end":{"line":99,"column":null}}],"line":99}},"s":{"0":1,"1":3,"2":3,"3":0,"4":0,"5":3,"6":2,"7":0,"8":0,"9":0,"10":0,"11":0,"12":0,"13":0,"14":0,"15":0,"16":0,"17":0,"18":0,"19":0,"20":0,"21":0,"22":0,"23":0,"24":0,"25":0,"26":0,"27":0,"28":0,"29":0,"30":0,"31":0,"32":0,"33":0},"f":{"0":3,"1":3,"2":0,"3":0,"4":3,"5":2,"6":0,"7":0,"8":0,"9":0,"10":0,"11":0,"12":0,"13":0,"14":0,"15":0,"16":0,"17":0,"18":0,"19":0,"20":0,"21":0,"22":0},"b":{"0":[0,0],"1":[0,0],"2":[0,0]},"meta":{"lastBranch":3,"lastFunction":23,"lastStatement":34,"seen":{"s:7:27:14:Infinity":0,"f:9:9:9:15":0,"s:9:15:9:Infinity":1,"f:10:8:10:9":1,"s:11:4:11:Infinity":2,"f:12:11:12:17":2,"s:12:17:12:Infinity":3,"f:13:10:13:11":3,"s:13:26:13:Infinity":4,"f:16:16:16:Infinity":4,"s:20:2:23:Infinity":5,"f:22:13:22:19":5,"s:22:19:22:Infinity":6,"f:26:16:26:27":6,"s:27:2:31:Infinity":7,"f:29:13:29:19":7,"s:29:19:29:Infinity":8,"f:34:16:34:35":8,"s:35:8:35:Infinity":9,"s:36:8:36:Infinity":10,"f:36:30:36:31":9,"s:36:41:36:55":11,"s:38:2:54:Infinity":12,"f:39:16:39:17":10,"s:39:44:39:Infinity":13,"f:40:15:40:21":11,"s:41:6:41:Infinity":14,"s:43:6:46:Infinity":15,"f:48:13:48:14":12,"s:49:6:52:Infinity":16,"b:51:17:51:34:51:34:51:Infinity":0,"f:57:16:57:35":13,"s:58:8:58:Infinity":17,"s:59:8:59:Infinity":18,"f:59:30:59:31":14,"s:59:41:59:55":19,"s:61:2:79:Infinity":20,"f:62:16:62:17":15,"s:63:6:63:Infinity":21,"f:64:15:64:16":16,"s:65:6:65:Infinity":22,"s:66:6:66:Infinity":23,"s:68:6:71:Infinity":24,"f:73:13:73:14":17,"s:74:6:77:Infinity":25,"b:76:17:76:34:76:34:76:Infinity":1,"f:82:16:82:35":18,"s:83:8:83:Infinity":26,"s:84:8:84:Infinity":27,"f:84:30:84:31":19,"s:84:41:84:55":28,"s:86:2:102:Infinity":29,"f:87:16:87:17":20,"s:87:32:87:Infinity":30,"f:88:15:88:21":21,"s:89:6:89:Infinity":31,"s:91:6:94:Infinity":32,"f:96:13:96:14":22,"s:97:6:100:Infinity":33,"b:99:17:99:34:99:34:99:Infinity":2}}}
,"D:\\workboardtraining\\apps\\react-spa\\src\\hooks\\useTasks.ts": {"path":"D:\\workboardtraining\\apps\\react-spa\\src\\hooks\\useTasks.ts","statementMap":{"0":{"start":{"line":7,"column":24},"end":{"line":131,"column":null}},"1":{"start":{"line":8,"column":24},"end":{"line":8,"column":null}},"2":{"start":{"line":9,"column":32},"end":{"line":9,"column":null}},"3":{"start":{"line":10,"column":24},"end":{"line":10,"column":null}},"4":{"start":{"line":11,"column":8},"end":{"line":11,"column":null}},"5":{"start":{"line":11,"column":39},"end":{"line":11,"column":53}},"6":{"start":{"line":13,"column":8},"end":{"line":26,"column":null}},"7":{"start":{"line":14,"column":4},"end":{"line":25,"column":null}},"8":{"start":{"line":15,"column":6},"end":{"line":15,"column":null}},"9":{"start":{"line":16,"column":6},"end":{"line":16,"column":null}},"10":{"start":{"line":17,"column":19},"end":{"line":17,"column":null}},"11":{"start":{"line":18,"column":6},"end":{"line":18,"column":null}},"12":{"start":{"line":20,"column":22},"end":{"line":20,"column":null}},"13":{"start":{"line":21,"column":6},"end":{"line":21,"column":null}},"14":{"start":{"line":22,"column":6},"end":{"line":22,"column":null}},"15":{"start":{"line":24,"column":6},"end":{"line":24,"column":null}},"16":{"start":{"line":28,"column":2},"end":{"line":30,"column":null}},"17":{"start":{"line":29,"column":4},"end":{"line":29,"column":null}},"18":{"start":{"line":32,"column":8},"end":{"line":57,"column":null}},"19":{"start":{"line":33,"column":33},"end":{"line":42,"column":null}},"20":{"start":{"line":44,"column":4},"end":{"line":44,"column":null}},"21":{"start":{"line":44,"column":21},"end":{"line":44,"column":46}},"22":{"start":{"line":46,"column":4},"end":{"line":56,"column":null}},"23":{"start":{"line":47,"column":22},"end":{"line":47,"column":null}},"24":{"start":{"line":48,"column":6},"end":{"line":48,"column":null}},"25":{"start":{"line":48,"column":23},"end":{"line":48,"column":78}},"26":{"start":{"line":48,"column":37},"end":{"line":48,"column":77}},"27":{"start":{"line":49,"column":6},"end":{"line":49,"column":null}},"28":{"start":{"line":50,"column":6},"end":{"line":50,"column":null}},"29":{"start":{"line":52,"column":6},"end":{"line":52,"column":null}},"30":{"start":{"line":52,"column":23},"end":{"line":52,"column":67}},"31":{"start":{"line":52,"column":40},"end":{"line":52,"column":66}},"32":{"start":{"line":53,"column":22},"end":{"line":53,"column":null}},"33":{"start":{"line":54,"column":6},"end":{"line":54,"column":null}},"34":{"start":{"line":55,"column":6},"end":{"line":55,"column":null}},"35":{"start":{"line":59,"column":8},"end":{"line":80,"column":null}},"36":{"start":{"line":60,"column":20},"end":{"line":60,"column":null}},"37":{"start":{"line":60,"column":36},"end":{"line":60,"column":47}},"38":{"start":{"line":61,"column":4},"end":{"line":61,"column":null}},"39":{"start":{"line":61,"column":18},"end":{"line":61,"column":null}},"40":{"start":{"line":63,"column":4},"end":{"line":67,"column":null}},"41":{"start":{"line":63,"column":21},"end":{"line":67,"column":5}},"42":{"start":{"line":64,"column":6},"end":{"line":66,"column":null}},"43":{"start":{"line":69,"column":4},"end":{"line":79,"column":null}},"44":{"start":{"line":70,"column":22},"end":{"line":70,"column":null}},"45":{"start":{"line":71,"column":6},"end":{"line":71,"column":null}},"46":{"start":{"line":71,"column":23},"end":{"line":71,"column":63}},"47":{"start":{"line":71,"column":37},"end":{"line":71,"column":62}},"48":{"start":{"line":72,"column":6},"end":{"line":72,"column":null}},"49":{"start":{"line":73,"column":6},"end":{"line":73,"column":null}},"50":{"start":{"line":75,"column":6},"end":{"line":75,"column":null}},"51":{"start":{"line":75,"column":23},"end":{"line":75,"column":63}},"52":{"start":{"line":75,"column":37},"end":{"line":75,"column":62}},"53":{"start":{"line":76,"column":22},"end":{"line":76,"column":null}},"54":{"start":{"line":77,"column":6},"end":{"line":77,"column":null}},"55":{"start":{"line":78,"column":6},"end":{"line":78,"column":null}},"56":{"start":{"line":82,"column":8},"end":{"line":97,"column":null}},"57":{"start":{"line":83,"column":20},"end":{"line":83,"column":null}},"58":{"start":{"line":83,"column":36},"end":{"line":83,"column":47}},"59":{"start":{"line":84,"column":4},"end":{"line":84,"column":null}},"60":{"start":{"line":84,"column":18},"end":{"line":84,"column":null}},"61":{"start":{"line":86,"column":4},"end":{"line":86,"column":null}},"62":{"start":{"line":86,"column":21},"end":{"line":86,"column":50}},"63":{"start":{"line":86,"column":38},"end":{"line":86,"column":49}},"64":{"start":{"line":88,"column":4},"end":{"line":96,"column":null}},"65":{"start":{"line":89,"column":6},"end":{"line":89,"column":null}},"66":{"start":{"line":90,"column":6},"end":{"line":90,"column":null}},"67":{"start":{"line":92,"column":6},"end":{"line":92,"column":null}},"68":{"start":{"line":92,"column":23},"end":{"line":92,"column":41}},"69":{"start":{"line":93,"column":22},"end":{"line":93,"column":null}},"70":{"start":{"line":94,"column":6},"end":{"line":94,"column":null}},"71":{"start":{"line":95,"column":6},"end":{"line":95,"column":null}},"72":{"start":{"line":99,"column":8},"end":{"line":120,"column":null}},"73":{"start":{"line":100,"column":20},"end":{"line":100,"column":null}},"74":{"start":{"line":100,"column":36},"end":{"line":100,"column":47}},"75":{"start":{"line":101,"column":4},"end":{"line":101,"column":null}},"76":{"start":{"line":101,"column":18},"end":{"line":101,"column":null}},"77":{"start":{"line":103,"column":4},"end":{"line":107,"column":null}},"78":{"start":{"line":103,"column":21},"end":{"line":107,"column":5}},"79":{"start":{"line":104,"column":6},"end":{"line":106,"column":null}},"80":{"start":{"line":109,"column":4},"end":{"line":119,"column":null}},"81":{"start":{"line":110,"column":22},"end":{"line":110,"column":null}},"82":{"start":{"line":111,"column":6},"end":{"line":111,"column":null}},"83":{"start":{"line":111,"column":23},"end":{"line":111,"column":63}},"84":{"start":{"line":111,"column":37},"end":{"line":111,"column":62}},"85":{"start":{"line":112,"column":6},"end":{"line":112,"column":null}},"86":{"start":{"line":113,"column":6},"end":{"line":113,"column":null}},"87":{"start":{"line":115,"column":6},"end":{"line":115,"column":null}},"88":{"start":{"line":115,"column":23},"end":{"line":115,"column":63}},"89":{"start":{"line":115,"column":37},"end":{"line":115,"column":62}},"90":{"start":{"line":116,"column":22},"end":{"line":116,"column":null}},"91":{"start":{"line":117,"column":6},"end":{"line":117,"column":null}},"92":{"start":{"line":118,"column":6},"end":{"line":118,"column":null}},"93":{"start":{"line":122,"column":2},"end":{"line":130,"column":null}}},"fnMap":{"0":{"name":"(anonymous_0)","decl":{"start":{"line":7,"column":24},"end":{"line":7,"column":25}},"loc":{"start":{"line":7,"column":70},"end":{"line":131,"column":null}},"line":7},"1":{"name":"(anonymous_1)","decl":{"start":{"line":11,"column":30},"end":{"line":11,"column":39}},"loc":{"start":{"line":11,"column":39},"end":{"line":11,"column":53}},"line":11},"2":{"name":"(anonymous_2)","decl":{"start":{"line":13,"column":33},"end":{"line":13,"column":45}},"loc":{"start":{"line":13,"column":45},"end":{"line":26,"column":5}},"line":13},"3":{"name":"(anonymous_3)","decl":{"start":{"line":28,"column":12},"end":{"line":28,"column":18}},"loc":{"start":{"line":28,"column":18},"end":{"line":30,"column":5}},"line":28},"4":{"name":"(anonymous_4)","decl":{"start":{"line":32,"column":33},"end":{"line":32,"column":40}},"loc":{"start":{"line":32,"column":64},"end":{"line":57,"column":5}},"line":32},"5":{"name":"(anonymous_5)","decl":{"start":{"line":44,"column":13},"end":{"line":44,"column":21}},"loc":{"start":{"line":44,"column":21},"end":{"line":44,"column":46}},"line":44},"6":{"name":"(anonymous_6)","decl":{"start":{"line":48,"column":15},"end":{"line":48,"column":23}},"loc":{"start":{"line":48,"column":23},"end":{"line":48,"column":78}},"line":48},"7":{"name":"(anonymous_7)","decl":{"start":{"line":48,"column":32},"end":{"line":48,"column":37}},"loc":{"start":{"line":48,"column":37},"end":{"line":48,"column":77}},"line":48},"8":{"name":"(anonymous_8)","decl":{"start":{"line":52,"column":15},"end":{"line":52,"column":23}},"loc":{"start":{"line":52,"column":23},"end":{"line":52,"column":67}},"line":52},"9":{"name":"(anonymous_9)","decl":{"start":{"line":52,"column":35},"end":{"line":52,"column":40}},"loc":{"start":{"line":52,"column":40},"end":{"line":52,"column":66}},"line":52},"10":{"name":"(anonymous_10)","decl":{"start":{"line":59,"column":33},"end":{"line":59,"column":40}},"loc":{"start":{"line":59,"column":76},"end":{"line":80,"column":5}},"line":59},"11":{"name":"(anonymous_11)","decl":{"start":{"line":60,"column":31},"end":{"line":60,"column":36}},"loc":{"start":{"line":60,"column":36},"end":{"line":60,"column":47}},"line":60},"12":{"name":"(anonymous_12)","decl":{"start":{"line":63,"column":13},"end":{"line":63,"column":21}},"loc":{"start":{"line":63,"column":21},"end":{"line":67,"column":5}},"line":63},"13":{"name":"(anonymous_13)","decl":{"start":{"line":63,"column":30},"end":{"line":63,"column":null}},"loc":{"start":{"line":64,"column":6},"end":{"line":66,"column":null}},"line":64},"14":{"name":"(anonymous_14)","decl":{"start":{"line":71,"column":15},"end":{"line":71,"column":23}},"loc":{"start":{"line":71,"column":23},"end":{"line":71,"column":63}},"line":71},"15":{"name":"(anonymous_15)","decl":{"start":{"line":71,"column":32},"end":{"line":71,"column":37}},"loc":{"start":{"line":71,"column":37},"end":{"line":71,"column":62}},"line":71},"16":{"name":"(anonymous_16)","decl":{"start":{"line":75,"column":15},"end":{"line":75,"column":23}},"loc":{"start":{"line":75,"column":23},"end":{"line":75,"column":63}},"line":75},"17":{"name":"(anonymous_17)","decl":{"start":{"line":75,"column":32},"end":{"line":75,"column":37}},"loc":{"start":{"line":75,"column":37},"end":{"line":75,"column":62}},"line":75},"18":{"name":"(anonymous_18)","decl":{"start":{"line":82,"column":33},"end":{"line":82,"column":40}},"loc":{"start":{"line":82,"column":55},"end":{"line":97,"column":5}},"line":82},"19":{"name":"(anonymous_19)","decl":{"start":{"line":83,"column":31},"end":{"line":83,"column":36}},"loc":{"start":{"line":83,"column":36},"end":{"line":83,"column":47}},"line":83},"20":{"name":"(anonymous_20)","decl":{"start":{"line":86,"column":13},"end":{"line":86,"column":21}},"loc":{"start":{"line":86,"column":21},"end":{"line":86,"column":50}},"line":86},"21":{"name":"(anonymous_21)","decl":{"start":{"line":86,"column":33},"end":{"line":86,"column":38}},"loc":{"start":{"line":86,"column":38},"end":{"line":86,"column":49}},"line":86},"22":{"name":"(anonymous_22)","decl":{"start":{"line":92,"column":15},"end":{"line":92,"column":23}},"loc":{"start":{"line":92,"column":23},"end":{"line":92,"column":41}},"line":92},"23":{"name":"(anonymous_23)","decl":{"start":{"line":99,"column":39},"end":{"line":99,"column":46}},"loc":{"start":{"line":99,"column":81},"end":{"line":120,"column":5}},"line":99},"24":{"name":"(anonymous_24)","decl":{"start":{"line":100,"column":31},"end":{"line":100,"column":36}},"loc":{"start":{"line":100,"column":36},"end":{"line":100,"column":47}},"line":100},"25":{"name":"(anonymous_25)","decl":{"start":{"line":103,"column":13},"end":{"line":103,"column":21}},"loc":{"start":{"line":103,"column":21},"end":{"line":107,"column":5}},"line":103},"26":{"name":"(anonymous_26)","decl":{"start":{"line":103,"column":30},"end":{"line":103,"column":null}},"loc":{"start":{"line":104,"column":6},"end":{"line":106,"column":null}},"line":104},"27":{"name":"(anonymous_27)","decl":{"start":{"line":111,"column":15},"end":{"line":111,"column":23}},"loc":{"start":{"line":111,"column":23},"end":{"line":111,"column":63}},"line":111},"28":{"name":"(anonymous_28)","decl":{"start":{"line":111,"column":32},"end":{"line":111,"column":37}},"loc":{"start":{"line":111,"column":37},"end":{"line":111,"column":62}},"line":111},"29":{"name":"(anonymous_29)","decl":{"start":{"line":115,"column":15},"end":{"line":115,"column":23}},"loc":{"start":{"line":115,"column":23},"end":{"line":115,"column":63}},"line":115},"30":{"name":"(anonymous_30)","decl":{"start":{"line":115,"column":32},"end":{"line":115,"column":37}},"loc":{"start":{"line":115,"column":37},"end":{"line":115,"column":62}},"line":115}},"branchMap":{"0":{"loc":{"start":{"line":20,"column":22},"end":{"line":20,"column":null}},"type":"cond-expr","locations":[{"start":{"line":20,"column":45},"end":{"line":20,"column":59}},{"start":{"line":20,"column":59},"end":{"line":20,"column":null}}],"line":20},"1":{"loc":{"start":{"line":37,"column":19},"end":{"line":37,"column":null}},"type":"binary-expr","locations":[{"start":{"line":37,"column":19},"end":{"line":37,"column":39}},{"start":{"line":37,"column":39},"end":{"line":37,"column":null}}],"line":37},"2":{"loc":{"start":{"line":38,"column":14},"end":{"line":38,"column":null}},"type":"binary-expr","locations":[{"start":{"line":38,"column":14},"end":{"line":38,"column":29}},{"start":{"line":38,"column":29},"end":{"line":38,"column":null}}],"line":38},"3":{"loc":{"start":{"line":39,"column":16},"end":{"line":39,"column":null}},"type":"binary-expr","locations":[{"start":{"line":39,"column":16},"end":{"line":39,"column":33}},{"start":{"line":39,"column":33},"end":{"line":39,"column":null}}],"line":39},"4":{"loc":{"start":{"line":48,"column":37},"end":{"line":48,"column":77}},"type":"cond-expr","locations":[{"start":{"line":48,"column":66},"end":{"line":48,"column":76}},{"start":{"line":48,"column":76},"end":{"line":48,"column":77}}],"line":48},"5":{"loc":{"start":{"line":53,"column":22},"end":{"line":53,"column":null}},"type":"cond-expr","locations":[{"start":{"line":53,"column":45},"end":{"line":53,"column":59}},{"start":{"line":53,"column":59},"end":{"line":53,"column":null}}],"line":53},"6":{"loc":{"start":{"line":61,"column":4},"end":{"line":61,"column":null}},"type":"if","locations":[{"start":{"line":61,"column":4},"end":{"line":61,"column":null}},{"start":{},"end":{}}],"line":61},"7":{"loc":{"start":{"line":64,"column":6},"end":{"line":66,"column":null}},"type":"cond-expr","locations":[{"start":{"line":65,"column":10},"end":{"line":65,"column":null}},{"start":{"line":66,"column":10},"end":{"line":66,"column":null}}],"line":64},"8":{"loc":{"start":{"line":71,"column":37},"end":{"line":71,"column":62}},"type":"cond-expr","locations":[{"start":{"line":71,"column":51},"end":{"line":71,"column":61}},{"start":{"line":71,"column":61},"end":{"line":71,"column":62}}],"line":71},"9":{"loc":{"start":{"line":75,"column":37},"end":{"line":75,"column":62}},"type":"cond-expr","locations":[{"start":{"line":75,"column":51},"end":{"line":75,"column":61}},{"start":{"line":75,"column":61},"end":{"line":75,"column":62}}],"line":75},"10":{"loc":{"start":{"line":76,"column":22},"end":{"line":76,"column":null}},"type":"cond-expr","locations":[{"start":{"line":76,"column":45},"end":{"line":76,"column":59}},{"start":{"line":76,"column":59},"end":{"line":76,"column":null}}],"line":76},"11":{"loc":{"start":{"line":84,"column":4},"end":{"line":84,"column":null}},"type":"if","locations":[{"start":{"line":84,"column":4},"end":{"line":84,"column":null}},{"start":{},"end":{}}],"line":84},"12":{"loc":{"start":{"line":93,"column":22},"end":{"line":93,"column":null}},"type":"cond-expr","locations":[{"start":{"line":93,"column":45},"end":{"line":93,"column":59}},{"start":{"line":93,"column":59},"end":{"line":93,"column":null}}],"line":93},"13":{"loc":{"start":{"line":101,"column":4},"end":{"line":101,"column":null}},"type":"if","locations":[{"start":{"line":101,"column":4},"end":{"line":101,"column":null}},{"start":{},"end":{}}],"line":101},"14":{"loc":{"start":{"line":104,"column":6},"end":{"line":106,"column":null}},"type":"cond-expr","locations":[{"start":{"line":105,"column":10},"end":{"line":105,"column":null}},{"start":{"line":106,"column":10},"end":{"line":106,"column":null}}],"line":104},"15":{"loc":{"start":{"line":111,"column":37},"end":{"line":111,"column":62}},"type":"cond-expr","locations":[{"start":{"line":111,"column":51},"end":{"line":111,"column":61}},{"start":{"line":111,"column":61},"end":{"line":111,"column":62}}],"line":111},"16":{"loc":{"start":{"line":115,"column":37},"end":{"line":115,"column":62}},"type":"cond-expr","locations":[{"start":{"line":115,"column":51},"end":{"line":115,"column":61}},{"start":{"line":115,"column":61},"end":{"line":115,"column":62}}],"line":115},"17":{"loc":{"start":{"line":116,"column":22},"end":{"line":116,"column":null}},"type":"cond-expr","locations":[{"start":{"line":116,"column":45},"end":{"line":116,"column":59}},{"start":{"line":116,"column":59},"end":{"line":116,"column":null}}],"line":116}},"s":{"0":1,"1":85,"2":85,"3":85,"4":85,"5":0,"6":85,"7":85,"8":85,"9":85,"10":85,"11":85,"12":0,"13":0,"14":0,"15":85,"16":85,"17":85,"18":85,"19":0,"20":0,"21":0,"22":0,"23":0,"24":0,"25":0,"26":0,"27":0,"28":0,"29":0,"30":0,"31":0,"32":0,"33":0,"34":0,"35":85,"36":0,"37":0,"38":0,"39":0,"40":0,"41":0,"42":0,"43":0,"44":0,"45":0,"46":0,"47":0,"48":0,"49":0,"50":0,"51":0,"52":0,"53":0,"54":0,"55":0,"56":85,"57":0,"58":0,"59":0,"60":0,"61":0,"62":0,"63":0,"64":0,"65":0,"66":0,"67":0,"68":0,"69":0,"70":0,"71":0,"72":85,"73":0,"74":0,"75":0,"76":0,"77":0,"78":0,"79":0,"80":0,"81":0,"82":0,"83":0,"84":0,"85":0,"86":0,"87":0,"88":0,"89":0,"90":0,"91":0,"92":0,"93":85},"f":{"0":85,"1":0,"2":85,"3":85,"4":0,"5":0,"6":0,"7":0,"8":0,"9":0,"10":0,"11":0,"12":0,"13":0,"14":0,"15":0,"16":0,"17":0,"18":0,"19":0,"20":0,"21":0,"22":0,"23":0,"24":0,"25":0,"26":0,"27":0,"28":0,"29":0,"30":0},"b":{"0":[0,0],"1":[0,0],"2":[0,0],"3":[0,0],"4":[0,0],"5":[0,0],"6":[0,0],"7":[0,0],"8":[0,0],"9":[0,0],"10":[0,0],"11":[0,0],"12":[0,0],"13":[0,0],"14":[0,0],"15":[0,0],"16":[0,0],"17":[0,0]},"meta":{"lastBranch":18,"lastFunction":31,"lastStatement":94,"seen":{"s:7:24:131:Infinity":0,"f:7:24:7:25":0,"s:8:24:8:Infinity":1,"s:9:32:9:Infinity":2,"s:10:24:10:Infinity":3,"s:11:8:11:Infinity":4,"f:11:30:11:39":1,"s:11:39:11:53":5,"s:13:8:26:Infinity":6,"f:13:33:13:45":2,"s:14:4:25:Infinity":7,"s:15:6:15:Infinity":8,"s:16:6:16:Infinity":9,"s:17:19:17:Infinity":10,"s:18:6:18:Infinity":11,"s:20:22:20:Infinity":12,"b:20:45:20:59:20:59:20:Infinity":0,"s:21:6:21:Infinity":13,"s:22:6:22:Infinity":14,"s:24:6:24:Infinity":15,"s:28:2:30:Infinity":16,"f:28:12:28:18":3,"s:29:4:29:Infinity":17,"s:32:8:57:Infinity":18,"f:32:33:32:40":4,"s:33:33:42:Infinity":19,"b:37:19:37:39:37:39:37:Infinity":1,"b:38:14:38:29:38:29:38:Infinity":2,"b:39:16:39:33:39:33:39:Infinity":3,"s:44:4:44:Infinity":20,"f:44:13:44:21":5,"s:44:21:44:46":21,"s:46:4:56:Infinity":22,"s:47:22:47:Infinity":23,"s:48:6:48:Infinity":24,"f:48:15:48:23":6,"s:48:23:48:78":25,"f:48:32:48:37":7,"s:48:37:48:77":26,"b:48:66:48:76:48:76:48:77":4,"s:49:6:49:Infinity":27,"s:50:6:50:Infinity":28,"s:52:6:52:Infinity":29,"f:52:15:52:23":8,"s:52:23:52:67":30,"f:52
[...]
,"D:\\workboardtraining\\apps\\react-spa\\src\\stores\\authStore.ts": {"path":"D:\\workboardtraining\\apps\\react-spa\\src\\stores\\authStore.ts","statementMap":{"0":{"start":{"line":40,"column":13},"end":{"line":115,"column":null}},"1":{"start":{"line":40,"column":61},"end":{"line":115,"column":2}},"2":{"start":{"line":48,"column":4},"end":{"line":59,"column":null}},"3":{"start":{"line":49,"column":25},"end":{"line":49,"column":null}},"4":{"start":{"line":50,"column":6},"end":{"line":55,"column":null}},"5":{"start":{"line":51,"column":21},"end":{"line":51,"column":null}},"6":{"start":{"line":52,"column":8},"end":{"line":52,"column":null}},"7":{"start":{"line":54,"column":8},"end":{"line":54,"column":null}},"8":{"start":{"line":57,"column":6},"end":{"line":57,"column":null}},"9":{"start":{"line":58,"column":6},"end":{"line":58,"column":null}},"10":{"start":{"line":63,"column":4},"end":{"line":89,"column":null}},"11":{"start":{"line":65,"column":6},"end":{"line":65,"column":null}},"12":{"start":{"line":65,"column":37},"end":{"line":65,"column":61}},"13":{"start":{"line":67,"column":6},"end":{"line":69,"column":null}},"14":{"start":{"line":68,"column":8},"end":{"line":68,"column":null}},"15":{"start":{"line":71,"column":25},"end":{"line":75,"column":null}},"16":{"start":{"line":77,"column":20},"end":{"line":77,"column":null}},"17":{"start":{"line":79,"column":6},"end":{"line":79,"column":null}},"18":{"start":{"line":81,"column":6},"end":{"line":85,"column":null}},"19":{"start":{"line":87,"column":6},"end":{"line":87,"column":null}},"20":{"start":{"line":88,"column":6},"end":{"line":88,"column":null}},"21":{"start":{"line":94,"column":4},"end":{"line":94,"column":null}},"22":{"start":{"line":95,"column":4},"end":{"line":95,"column":null}},"23":{"start":{"line":97,"column":4},"end":{"line":101,"column":null}},"24":{"start":{"line":105,"column":4},"end":{"line":105,"column":null}},"25":{"start":{"line":109,"column":4},"end":{"line":109,"column":null}},"26":{"start":{"line":113,"column":4},"end":{"line":113,"column":null}}},"fnMap":{"0":{"name":"(anonymous_0)","decl":{"start":{"line":40,"column":46},"end":{"line":40,"column":47}},"loc":{"start":{"line":40,"column":61},"end":{"line":115,"column":2}},"line":40},"1":{"name":"(anonymous_1)","decl":{"start":{"line":47,"column":14},"end":{"line":47,"column":20}},"loc":{"start":{"line":47,"column":20},"end":{"line":60,"column":null}},"line":47},"2":{"name":"(anonymous_2)","decl":{"start":{"line":62,"column":9},"end":{"line":62,"column":16}},"loc":{"start":{"line":62,"column":52},"end":{"line":90,"column":null}},"line":62},"3":{"name":"(anonymous_3)","decl":{"start":{"line":65,"column":24},"end":{"line":65,"column":25}},"loc":{"start":{"line":65,"column":37},"end":{"line":65,"column":61}},"line":65},"4":{"name":"(anonymous_4)","decl":{"start":{"line":92,"column":10},"end":{"line":92,"column":16}},"loc":{"start":{"line":92,"column":16},"end":{"line":102,"column":null}},"line":92},"5":{"name":"(anonymous_5)","decl":{"start":{"line":104,"column":11},"end":{"line":104,"column":12}},"loc":{"start":{"line":104,"column":21},"end":{"line":106,"column":null}},"line":104},"6":{"name":"(anonymous_6)","decl":{"start":{"line":108,"column":12},"end":{"line":108,"column":13}},"loc":{"start":{"line":108,"column":23},"end":{"line":110,"column":null}},"line":108},"7":{"name":"(anonymous_7)","decl":{"start":{"line":112,"column":14},"end":{"line":112,"column":15}},"loc":{"start":{"line":112,"column":27},"end":{"line":114,"column":null}},"line":112}},"branchMap":{"0":{"loc":{"start":{"line":50,"column":6},"end":{"line":55,"column":null}},"type":"if","locations":[{"start":{"line":50,"column":6},"end":{"line":55,"column":null}},{"start":{"line":53,"column":13},"end":{"line":55,"column":null}}],"line":50},"1":{"loc":{"start":{"line":67,"column":6},"end":{"line":69,"column":null}},"type":"if","locations":[{"start":{"line":67,"column":6},"end":{"line":69,"column":null}},{"start":{},"end":{}}],"line":67},"2":{"loc":{"start":{"line":67,"column":10},"end":{"line":67,"column":31}},"type":"binary-expr","locations":[{"start":{"line":67,"column":10},"end":{"line":67,"column":20}},{"start":{"line":67,"column":20},"end":{"line":67,"column":31}}],"line":67}},"s":{"0":1,"1":1,"2":0,"3":0,"4":0,"5":0,"6":0,"7":0,"8":0,"9":0,"10":2,"11":2,"12":2,"13":2,"14":0,"15":2,"16":2,"17":2,"18":2,"19":0,"20":0,"21":1,"22":1,"23":1,"24":0,"25":0,"26":0},"f":{"0":1,"1":0,"2":2,"3":2,"4":1,"5":0,"6":0,"7":0},"b":{"0":[0,0],"1":[0,2],"2":[2,2]},"meta":{"lastBranch":3,"lastFunction":8,"lastStatement":27,"seen":{"s:40:13:115:Infinity":0,"f:40:46:40:47":0,"s:40:61:115:2":1,"f:47:14:47:20":1,"s:48:4:59:Infinity":2,"s:49:25:49:Infinity":3,"b:50:6:55:Infinity:53:13:55:Infinity":0,"s:50:6:55:Infinity":4,"s:51:21:51:Infinity":5,"s:52:8:52:Infinity":6,"s:54:8:54:Infinity":7,"s:57:6:57:Infinity":8,"s:58:6:58:Infinity":9,"f:62:9:62:16":2,"s:63:4:89:Infinity":10,"s:65:6:65:Infinity":11,"f:65:24:65:25":3,"s:65:37:65:61":12,"b:67:6:69:Infinity:undefined:undefined:undefined:undefined":1,"s:67:6:69:Infinity":13,"b:67:10:67:20:67:20:67:31":2,"s:68:8:68:Infinity":14,"s:71:25:75:Infinity":15,"s:77:20:77:Infinity":16,"s:79:6:79:Infinity":17,"s:81:6:85:Infinity":18,"s:87:6:87:Infinity":19,"s:88:6:88:Infinity":20,"f:92:10:92:16":4,"s:94:4:94:Infinity":21,"s:95:4:95:Infinity":22,"s:97:4:101:Infinity":23,"f:104:11:104:12":5,"s:105:4:105:Infinity":24,"f:108:12:108:13":6,"s:109:4:109:Infinity":25,"f:112:14:112:15":7,"s:113:4:113:Infinity":26}}}
,"D:\\workboardtraining\\apps\\react-spa\\src\\stores\\uiStore.ts": {"path":"D:\\workboardtraining\\apps\\react-spa\\src\\stores\\uiStore.ts","statementMap":{"0":{"start":{"line":50,"column":13},"end":{"line":129,"column":null}},"1":{"start":{"line":50,"column":52},"end":{"line":129,"column":2}},"2":{"start":{"line":58,"column":15},"end":{"line":58,"column":null}},"3":{"start":{"line":59,"column":28},"end":{"line":63,"column":null}},"4":{"start":{"line":64,"column":4},"end":{"line":66,"column":null}},"5":{"start":{"line":64,"column":20},"end":{"line":66,"column":6}},"6":{"start":{"line":68,"column":4},"end":{"line":74,"column":null}},"7":{"start":{"line":69,"column":6},"end":{"line":73,"column":null}},"8":{"start":{"line":70,"column":8},"end":{"line":72,"column":null}},"9":{"start":{"line":70,"column":24},"end":{"line":72,"column":10}},"10":{"start":{"line":71,"column":45},"end":{"line":71,"column":56}},"11":{"start":{"line":78,"column":4},"end":{"line":80,"column":null}},"12":{"start":{"line":78,"column":20},"end":{"line":80,"column":6}},"13":{"start":{"line":79,"column":41},"end":{"line":79,"column":52}},"14":{"start":{"line":84,"column":4},"end":{"line":84,"column":null}},"15":{"start":{"line":89,"column":15},"end":{"line":89,"column":null}},"16":{"start":{"line":90,"column":28},"end":{"line":95,"column":null}},"17":{"start":{"line":96,"column":4},"end":{"line":98,"column":null}},"18":{"start":{"line":96,"column":20},"end":{"line":98,"column":6}},"19":{"start":{"line":100,"column":4},"end":{"line":106,"column":null}},"20":{"start":{"line":101,"column":6},"end":{"line":105,"column":null}},"21":{"start":{"line":102,"column":8},"end":{"line":104,"column":null}},"22":{"start":{"line":102,"column":24},"end":{"line":104,"column":10}},"23":{"start":{"line":103,"column":45},"end":{"line":103,"column":56}},"24":{"start":{"line":111,"column":4},"end":{"line":117,"column":null}},"25":{"start":{"line":121,"column":4},"end":{"line":127,"column":null}}},"fnMap":{"0":{"name":"(anonymous_0)","decl":{"start":{"line":50,"column":42},"end":{"line":50,"column":43}},"loc":{"start":{"line":50,"column":52},"end":{"line":129,"column":2}},"line":50},"1":{"name":"(anonymous_1)","decl":{"start":{"line":57,"column":12},"end":{"line":57,"column":13}},"loc":{"start":{"line":57,"column":23},"end":{"line":75,"column":null}},"line":57},"2":{"name":"(anonymous_2)","decl":{"start":{"line":64,"column":8},"end":{"line":64,"column":9}},"loc":{"start":{"line":64,"column":20},"end":{"line":66,"column":6}},"line":64},"3":{"name":"(anonymous_3)","decl":{"start":{"line":69,"column":17},"end":{"line":69,"column":23}},"loc":{"start":{"line":69,"column":23},"end":{"line":73,"column":9}},"line":69},"4":{"name":"(anonymous_4)","decl":{"start":{"line":70,"column":12},"end":{"line":70,"column":13}},"loc":{"start":{"line":70,"column":24},"end":{"line":72,"column":10}},"line":70},"5":{"name":"(anonymous_5)","decl":{"start":{"line":71,"column":38},"end":{"line":71,"column":39}},"loc":{"start":{"line":71,"column":45},"end":{"line":71,"column":56}},"line":71},"6":{"name":"(anonymous_6)","decl":{"start":{"line":77,"column":15},"end":{"line":77,"column":16}},"loc":{"start":{"line":77,"column":23},"end":{"line":81,"column":null}},"line":77},"7":{"name":"(anonymous_7)","decl":{"start":{"line":78,"column":8},"end":{"line":78,"column":9}},"loc":{"start":{"line":78,"column":20},"end":{"line":80,"column":6}},"line":78},"8":{"name":"(anonymous_8)","decl":{"start":{"line":79,"column":34},"end":{"line":79,"column":35}},"loc":{"start":{"line":79,"column":41},"end":{"line":79,"column":52}},"line":79},"9":{"name":"(anonymous_9)","decl":{"start":{"line":83,"column":15},"end":{"line":83,"column":21}},"loc":{"start":{"line":83,"column":21},"end":{"line":85,"column":null}},"line":83},"10":{"name":"(anonymous_10)","decl":{"start":{"line":88,"column":13},"end":{"line":88,"column":14}},"loc":{"start":{"line":88,"column":42},"end":{"line":107,"column":null}},"line":88},"11":{"name":"(anonymous_11)","decl":{"start":{"line":96,"column":8},"end":{"line":96,"column":9}},"loc":{"start":{"line":96,"column":20},"end":{"line":98,"column":6}},"line":96},"12":{"name":"(anonymous_12)","decl":{"start":{"line":101,"column":17},"end":{"line":101,"column":23}},"loc":{"start":{"line":101,"column":23},"end":{"line":105,"column":9}},"line":101},"13":{"name":"(anonymous_13)","decl":{"start":{"line":102,"column":12},"end":{"line":102,"column":13}},"loc":{"start":{"line":102,"column":24},"end":{"line":104,"column":10}},"line":102},"14":{"name":"(anonymous_14)","decl":{"start":{"line":103,"column":38},"end":{"line":103,"column":39}},"loc":{"start":{"line":103,"column":45},"end":{"line":103,"column":56}},"line":103},"15":{"name":"(anonymous_15)","decl":{"start":{"line":110,"column":13},"end":{"line":110,"column":14}},"loc":{"start":{"line":110,"column":33},"end":{"line":118,"column":null}},"line":110},"16":{"name":"(anonymous_16)","decl":{"start":{"line":120,"column":14},"end":{"line":120,"column":20}},"loc":{"start":{"line":120,"column":20},"end":{"line":128,"column":null}},"line":120}},"branchMap":{"0":{"loc":{"start":{"line":62,"column":16},"end":{"line":62,"column":null}},"type":"binary-expr","locations":[{"start":{"line":62,"column":16},"end":{"line":62,"column":34}},{"start":{"line":62,"column":34},"end":{"line":62,"column":null}}],"line":62},"1":{"loc":{"start":{"line":68,"column":4},"end":{"line":74,"column":null}},"type":"if","locations":[{"start":{"line":68,"column":4},"end":{"line":74,"column":null}},{"start":{},"end":{}}],"line":68},"2":{"loc":{"start":{"line":94,"column":16},"end":{"line":94,"column":null}},"type":"binary-expr","locations":[{"start":{"line":94,"column":16},"end":{"line":94,"column":28}},{"start":{"line":94,"column":28},"end":{"line":94,"column":null}}],"line":94},"3":{"loc":{"start":{"line":100,"column":4},"end":{"line":106,"column":null}},"type":"if","locations":[{"start":{"line":100,"column":4},"end":{"line":106,"column":null}},{"start":{},"end":{}}],"line":100}},"s":{"0":2,"1":2,"2":4,"3":4,"4":4,"5":4,"6":4,"7":4,"8":0,"9":0,"10":0,"11":1,"12":1,"13":1,"14":0,"15":0,"16":0,"17":0,"18":0,"19":0,"20":0,"21":0,"22":0,"23":0,"24":0,"25":0},"f":{"0":2,"1":4,"2":4,"3":0,"4":0,"5":0,"6":1,"7":1,"8":1,"9":0,"10":0,"11":0,"12":0,"13":0,"14":0,"15":0,"16":0},"b":{"0":[4,4],"1":[4,0],"2":[0,0],"3":[0,0]},"meta":{"lastBranch":4,"lastFunction":17,"lastStatement":26,"seen":{"s:50:13:129:Infinity":0,"f:50:42:50:43":0,"s:50:52:129:2":1,"f:57:12:57:13":1,"s:58:15:58:Infinity":2,"s:59:28:63:Infinity":3,"b:62:16:62:34:62:34:62:Infinity":0,"s:64:4:66:Infinity":4,"f:64:8:64:9":2,"s:64:20:66:6":5,"b:68:4:74:Infinity:undefined:undefined:undefined:undefined":1,"s:68:4:74:Infinity":6,"s:69:6:73:Infinity":7,"f:69:17:69:23":3,"s:70:8:72:Infinity":8,"f:70:12:70:13":4,"s:70:24:72:10":9,"f:71:38:71:39":5,"s:71:45:71:56":10,"f:77:15:77:16":6,"s:78:4:80:Infinity":11,"f:78:8:78:9":7,"s:78:20:80:6":12,"f:79:34:79:35":8,"s:79:41:79:52":13,"f:83:15:83:21":9,"s:84:4:84:Infinity":14,"f:88:13:88:14":10,"s:89:15:89:Infinity":15,"s:90:28:95:Infinity":16,"b:94:16:94:28:94:28:94:Infinity":2,"s:96:4:98:Infinity":17,"f:96:8:96:9":11,"s:96:20:98:6":18,"b:100:4:106:Infinity:undefined:undefined:undefined:undefined":3,"s:100:4:106:Infinity":19,"s:101:6:105:Infinity":20,"f:101:17:101:23":12,"s:102:8:104:Infinity":21,"f:102:12:102:13":13,"s:102:24:104:10":22,"f:103:38:103:39":14,"s:103:45:103:56":23,"f:110:13:110:14":15,"s:111:4:117:Infinity":24,"f:120:14:120:20":16,"s:121:4:127:Infinity":25}}}
,"D:\\workboardtraining\\apps\\react-spa\\src\\types\\task.ts": {"path":"D:\\workboardtraining\\apps\\react-spa\\src\\types\\task.ts","statementMap":{"0":{"start":{"line":29,"column":43},"end":{"line":29,"column":null}},"1":{"start":{"line":31,"column":62},"end":{"line":35,"column":null}}},"fnMap":{},"branchMap":{},"s":{"0":1,"1":1},"f":{},"b":{},"meta":{"lastBranch":0,"lastFunction":0,"lastStatement":2,"seen":{"s:29:43:29:Infinity":0,"s:31:62:35:Infinity":1}}}
,"D:\\workboardtraining\\apps\\react-spa\\src\\utils\\secureStorage.ts": {"path":"D:\\workboardtraining\\apps\\react-spa\\src\\utils\\secureStorage.ts","statementMap":{"0":{"start":{"line":11,"column":4},"end":{"line":11,"column":null}},"1":{"start":{"line":17,"column":4},"end":{"line":23,"column":null}},"2":{"start":{"line":18,"column":25},"end":{"line":18,"column":null}},"3":{"start":{"line":19,"column":6},"end":{"line":19,"column":null}},"4":{"start":{"line":21,"column":6},"end":{"line":21,"column":null}},"5":{"start":{"line":22,"column":6},"end":{"line":22,"column":null}},"6":{"start":{"line":29,"column":4},"end":{"line":36,"column":null}},"7":{"start":{"line":30,"column":19},"end":{"line":30,"column":null}},"8":{"start":{"line":31,"column":6},"end":{"line":31,"column":null}},"9":{"start":{"line":31,"column":17},"end":{"line":31,"column":null}},"10":{"start":{"line":32,"column":6},"end":{"line":32,"column":null}},"11":{"start":{"line":34,"column":6},"end":{"line":34,"column":null}},"12":{"start":{"line":35,"column":6},"end":{"line":35,"column":null}},"13":{"start":{"line":42,"column":4},"end":{"line":46,"column":null}},"14":{"start":{"line":43,"column":6},"end":{"line":43,"column":null}},"15":{"start":{"line":45,"column":6},"end":{"line":45,"column":null}},"16":{"start":{"line":52,"column":4},"end":{"line":56,"column":null}},"17":{"start":{"line":53,"column":6},"end":{"line":53,"column":null}},"18":{"start":{"line":55,"column":6},"end":{"line":55,"column":null}},"19":{"start":{"line":62,"column":4},"end":{"line":62,"column":null}},"20":{"start":{"line":68,"column":27},"end":{"line":68,"column":null}},"21":{"start":{"line":69,"column":4},"end":{"line":72,"column":null}},"22":{"start":{"line":69,"column":17},"end":{"line":69,"column":20}},"23":{"start":{"line":70,"column":18},"end":{"line":70,"column":null}},"24":{"start":{"line":71,"column":6},"end":{"line":71,"column":null}},"25":{"start":{"line":71,"column":15},"end":{"line":71,"column":null}},"26":{"start":{"line":73,"column":4},"end":{"line":73,"column":null}},"27":{"start":{"line":77,"column":29},"end":{"line":77,"column":null}}},"fnMap":{"0":{"name":"(anonymous_0)","decl":{"start":{"line":8,"column":2},"end":{"line":8,"column":14}},"loc":{"start":{"line":8,"column":33},"end":{"line":12,"column":null}},"line":8},"1":{"name":"(anonymous_1)","decl":{"start":{"line":16,"column":2},"end":{"line":16,"column":10}},"loc":{"start":{"line":16,"column":41},"end":{"line":24,"column":null}},"line":16},"2":{"name":"(anonymous_2)","decl":{"start":{"line":28,"column":2},"end":{"line":28,"column":13}},"loc":{"start":{"line":28,"column":36},"end":{"line":37,"column":null}},"line":28},"3":{"name":"(anonymous_3)","decl":{"start":{"line":41,"column":2},"end":{"line":41,"column":13}},"loc":{"start":{"line":41,"column":32},"end":{"line":47,"column":null}},"line":41},"4":{"name":"(anonymous_4)","decl":{"start":{"line":51,"column":2},"end":{"line":51,"column":16}},"loc":{"start":{"line":51,"column":16},"end":{"line":57,"column":null}},"line":51},"5":{"name":"(anonymous_5)","decl":{"start":{"line":61,"column":2},"end":{"line":61,"column":10}},"loc":{"start":{"line":61,"column":32},"end":{"line":63,"column":null}},"line":61},"6":{"name":"(anonymous_6)","decl":{"start":{"line":67,"column":2},"end":{"line":67,"column":25}},"loc":{"start":{"line":67,"column":25},"end":{"line":74,"column":null}},"line":67}},"branchMap":{"0":{"loc":{"start":{"line":8,"column":14},"end":{"line":8,"column":33}},"type":"default-arg","locations":[{"start":{"line":8,"column":27},"end":{"line":8,"column":33}}],"line":8},"1":{"loc":{"start":{"line":11,"column":19},"end":{"line":11,"column":null}},"type":"cond-expr","locations":[{"start":{"line":11,"column":32},"end":{"line":11,"column":49}},{"start":{"line":11,"column":49},"end":{"line":11,"column":null}}],"line":11},"2":{"loc":{"start":{"line":31,"column":6},"end":{"line":31,"column":null}},"type":"if","locations":[{"start":{"line":31,"column":6},"end":{"line":31,"column":null}},{"start":{},"end":{}}],"line":31},"3":{"loc":{"start":{"line":71,"column":6},"end":{"line":71,"column":null}},"type":"if","locations":[{"start":{"line":71,"column":6},"end":{"line":71,"column":null}},{"start":{},"end":{}}],"line":71}},"s":{"0":1,"1":5,"2":5,"3":5,"4":0,"5":0,"6":6,"7":6,"8":6,"9":4,"10":2,"11":0,"12":0,"13":1,"14":1,"15":0,"16":1,"17":1,"18":0,"19":0,"20":0,"21":0,"22":0,"23":0,"24":0,"25":0,"26":0,"27":1},"f":{"0":1,"1":5,"2":6,"3":1,"4":1,"5":0,"6":0},"b":{"0":[1],"1":[1,0],"2":[4,2],"3":[0,0]},"meta":{"lastBranch":4,"lastFunction":7,"lastStatement":28,"seen":{"f:8:2:8:14":0,"b:8:27:8:33":0,"s:11:4:11:Infinity":0,"b:11:32:11:49:11:49:11:Infinity":1,"f:16:2:16:10":1,"s:17:4:23:Infinity":1,"s:18:25:18:Infinity":2,"s:19:6:19:Infinity":3,"s:21:6:21:Infinity":4,"s:22:6:22:Infinity":5,"f:28:2:28:13":2,"s:29:4:36:Infinity":6,"s:30:19:30:Infinity":7,"b:31:6:31:Infinity:undefined:undefined:undefined:undefined":2,"s:31:6:31:Infinity":8,"s:31:17:31:Infinity":9,"s:32:6:32:Infinity":10,"s:34:6:34:Infinity":11,"s:35:6:35:Infinity":12,"f:41:2:41:13":3,"s:42:4:46:Infinity":13,"s:43:6:43:Infinity":14,"s:45:6:45:Infinity":15,"f:51:2:51:16":4,"s:52:4:56:Infinity":16,"s:53:6:53:Infinity":17,"s:55:6:55:Infinity":18,"f:61:2:61:10":5,"s:62:4:62:Infinity":19,"f:67:2:67:25":6,"s:68:27:68:Infinity":20,"s:69:4:72:Infinity":21,"s:69:17:69:20":22,"s:70:18:70:Infinity":23,"b:71:6:71:Infinity:undefined:undefined:undefined:undefined":3,"s:71:6:71:Infinity":24,"s:71:15:71:Infinity":25,"s:73:4:73:Infinity":26,"s:77:29:77:Infinity":27}}}
}
